<?xml version="1.0" encoding="UTF-8"?>
<testsuites name="Logowanie" time="436.755" tests="18" failures="5" errors="0">
   <testsuite name="Logowanie" tests="18" failures="5" errors="0" time="436.755" timestamp="2020-05-01 21:53:13" hostname="Cassiz - 192.168.1.160" id="Test Suites/Logowanie">
      <properties>
         <property name="deviceName" value=""/>
         <property name="devicePlatform" value=""/>
         <property name="logFolder" value="C:\\Users\\Cassiz\\git\\PSTOWebkomunikator_Logowanie\\Reports\\20200501_215308\\Logowanie\\20200501_215308"/>
         <property name="logFiles" value="C:\\Users\\Cassiz\\git\\PSTOWebkomunikator_Logowanie\\Reports\\20200501_215308\\Logowanie\\20200501_215308\\execution0.log"/>
         <property name="attachments" value="C:\\Users\\Cassiz\\git\\PSTOWebkomunikator_Logowanie\\Reports\\20200501_215308\\Logowanie\\20200501_215308\\1588363073213.png, C:\\Users\\Cassiz\\git\\PSTOWebkomunikator_Logowanie\\Reports\\20200501_215308\\Logowanie\\20200501_215308\\1588363073811.png, C:\\Users\\Cassiz\\git\\PSTOWebkomunikator_Logowanie\\Reports\\20200501_215308\\Logowanie\\20200501_215308\\1588363119046.png, C:\\Users\\Cassiz\\git\\PSTOWebkomunikator_Logowanie\\Reports\\20200501_215308\\Logowanie\\20200501_215308\\1588363119609.png, C:\\Users\\Cassiz\\git\\PSTOWebkomunikator_Logowanie\\Reports\\20200501_215308\\Logowanie\\20200501_215308\\1588363164712.png, C:\\Users\\Cassiz\\git\\PSTOWebkomunikator_Logowanie\\Reports\\20200501_215308\\Logowanie\\20200501_215308\\1588363165294.png"/>
         <property name="hostName" value="Cassiz - 192.168.1.160"/>
         <property name="os" value="Windows 10 64bit"/>
         <property name="katalonVersion" value="7.2.1.1"/>
         <property name="browser" value="Firefox 75.0"/>
         <property name="hostAddress" value="192.168.1.160"/>
         <property name="sessionId" value="03edcb1e-c84f-47e5-b8ed-f17cfafc3c23"/>
         <property name="seleniumVersion" value="3.141.59"/>
         <property name="proxyInformation" value="ProxyInformation{proxyOption=NO_PROXY, proxyServerType=HTTP, password=, proxyServerAddress=, proxyServerPort=0, executionList=}"/>
         <property name="platform" value="Windows 10"/>
      </properties>
      <testcase name="Test Cases/L-9" time="22.369" classname="Test Cases/L-9" status="PASSED">
         <system-out><![CDATA[2020-05-01 21:53:14 - [TEST_CASE][PASSED] - Test Cases/L-9: Test Cases/L-9

2020-05-01 21:53:15 - [TEST_STEP][PASSED] - openBrowser(""): Browser is opened with url: ''

2020-05-01 21:53:16 - [MESSAGE][INFO] - Starting 'Firefox' driver

2020-05-01 21:53:16 - [MESSAGE][INFO] - Action delay is set to 0 seconds

2020-05-01 21:53:26 - [MESSAGE][PASSED] - Browser is opened with url: ''

2020-05-01 21:53:26 - [TEST_STEP][PASSED] - navigateToUrl("http://kmg.hcm.pl/testowanie/"): Navigate to 'http://kmg.hcm.pl/testowanie/' successfully

2020-05-01 21:53:30 - [MESSAGE][PASSED] - Navigate to 'http://kmg.hcm.pl/testowanie/' successfully

2020-05-01 21:53:30 - [TEST_STEP][PASSED] - maximizeWindow(): Current window maximized

2020-05-01 21:53:30 - [MESSAGE][PASSED] - Current window maximized

2020-05-01 21:53:30 - [TEST_STEP][PASSED] - sendKeys(findTestObject("Nazwa użytkownika"), varLogin): Keys 'Iza' sent to object: 'Object Repository/Nazwa użytkownika'

2020-05-01 21:53:30 - [MESSAGE][PASSED] - Keys 'Iza' sent to object: 'Object Repository/Nazwa użytkownika'

2020-05-01 21:53:30 - [TEST_STEP][PASSED] - sendKeys(findTestObject("Hasło"), varPassword): Keys 'iLabunko' sent to object: 'Object Repository/Hasło'

2020-05-01 21:53:31 - [MESSAGE][PASSED] - Keys 'iLabunko' sent to object: 'Object Repository/Hasło'

2020-05-01 21:53:31 - [TEST_STEP][PASSED] - click(findTestObject("Button Login")): Object: 'Object Repository/Button Login' is clicked on

2020-05-01 21:53:32 - [MESSAGE][PASSED] - Object: 'Object Repository/Button Login' is clicked on

2020-05-01 21:53:32 - [TEST_STEP][PASSED] - verifyAlertPresent(0): Alert is present after 30 second(s).

2020-05-01 21:53:32 - [MESSAGE][WARNING] - Timeout '0' is invalid. Using default page load timeout: '30'

2020-05-01 21:53:32 - [MESSAGE][PASSED] - Alert is present after 30 second(s).

2020-05-01 21:53:32 - [TEST_STEP][PASSED] - acceptAlert(): Alert accepted

2020-05-01 21:53:33 - [MESSAGE][PASSED] - Alert accepted

2020-05-01 21:53:33 - [TEST_STEP][PASSED] - verifyNotEqual(findTestObject("Historia rozmów"), findTestObject("Text Link Zajestruj konto")): Actual object 'TestObject - 'Object Repository/Historia rozmów'' and expected object 'TestObject - 'Object Repository/Text Link Zajestruj konto'' are not equal

2020-05-01 21:53:33 - [MESSAGE][PASSED] - Actual object 'TestObject - 'Object Repository/Historia rozmów'' and expected object 'TestObject - 'Object Repository/Text Link Zajestruj konto'' are not equal

2020-05-01 21:53:33 - [TEST_STEP][PASSED] - verifyElementVisible(findTestObject("Text Link Zajestruj konto")): Object 'Object Repository/Text Link Zajestruj konto' is visible

2020-05-01 21:53:35 - [MESSAGE][PASSED] - Object 'Object Repository/Text Link Zajestruj konto' is visible

2020-05-01 21:53:35 - [TEST_STEP][PASSED] - closeBrowser(): Browser is closed

2020-05-01 21:53:37 - [MESSAGE][PASSED] - Browser is closed]]></system-out>
         <system-err><![CDATA[]]></system-err>
      </testcase>
      <testcase name="Test Cases/L-9" time="22.568" classname="Test Cases/L-9" status="PASSED">
         <system-out><![CDATA[2020-05-01 21:53:37 - [TEST_CASE][PASSED] - Test Cases/L-9: Test Cases/L-9

2020-05-01 21:53:37 - [TEST_STEP][PASSED] - openBrowser(""): Browser is opened with url: ''

2020-05-01 21:53:37 - [MESSAGE][INFO] - Starting 'Firefox' driver

2020-05-01 21:53:46 - [MESSAGE][PASSED] - Browser is opened with url: ''

2020-05-01 21:53:46 - [TEST_STEP][PASSED] - navigateToUrl("http://kmg.hcm.pl/testowanie/"): Navigate to 'http://kmg.hcm.pl/testowanie/' successfully

2020-05-01 21:53:54 - [MESSAGE][PASSED] - Navigate to 'http://kmg.hcm.pl/testowanie/' successfully

2020-05-01 21:53:54 - [TEST_STEP][PASSED] - maximizeWindow(): Current window maximized

2020-05-01 21:53:54 - [MESSAGE][PASSED] - Current window maximized

2020-05-01 21:53:54 - [TEST_STEP][PASSED] - sendKeys(findTestObject("Nazwa użytkownika"), varLogin): Keys 'Iza' sent to object: 'Object Repository/Nazwa użytkownika'

2020-05-01 21:53:55 - [MESSAGE][PASSED] - Keys 'Iza' sent to object: 'Object Repository/Nazwa użytkownika'

2020-05-01 21:53:55 - [TEST_STEP][PASSED] - sendKeys(findTestObject("Hasło"), varPassword): Keys 'iLabunko' sent to object: 'Object Repository/Hasło'

2020-05-01 21:53:55 - [MESSAGE][PASSED] - Keys 'iLabunko' sent to object: 'Object Repository/Hasło'

2020-05-01 21:53:56 - [TEST_STEP][PASSED] - click(findTestObject("Button Login")): Object: 'Object Repository/Button Login' is clicked on

2020-05-01 21:53:56 - [MESSAGE][PASSED] - Object: 'Object Repository/Button Login' is clicked on

2020-05-01 21:53:56 - [TEST_STEP][PASSED] - verifyAlertPresent(0): Alert is present after 30 second(s).

2020-05-01 21:53:56 - [MESSAGE][WARNING] - Timeout '0' is invalid. Using default page load timeout: '30'

2020-05-01 21:53:56 - [MESSAGE][PASSED] - Alert is present after 30 second(s).

2020-05-01 21:53:56 - [TEST_STEP][PASSED] - acceptAlert(): Alert accepted

2020-05-01 21:53:56 - [MESSAGE][PASSED] - Alert accepted

2020-05-01 21:53:56 - [TEST_STEP][PASSED] - verifyNotEqual(findTestObject("Historia rozmów"), findTestObject("Text Link Zajestruj konto")): Actual object 'TestObject - 'Object Repository/Historia rozmów'' and expected object 'TestObject - 'Object Repository/Text Link Zajestruj konto'' are not equal

2020-05-01 21:53:57 - [MESSAGE][PASSED] - Actual object 'TestObject - 'Object Repository/Historia rozmów'' and expected object 'TestObject - 'Object Repository/Text Link Zajestruj konto'' are not equal

2020-05-01 21:53:57 - [TEST_STEP][PASSED] - verifyElementVisible(findTestObject("Text Link Zajestruj konto")): Object 'Object Repository/Text Link Zajestruj konto' is visible

2020-05-01 21:53:57 - [MESSAGE][PASSED] - Object 'Object Repository/Text Link Zajestruj konto' is visible

2020-05-01 21:53:57 - [TEST_STEP][PASSED] - closeBrowser(): Browser is closed

2020-05-01 21:53:59 - [MESSAGE][PASSED] - Browser is closed]]></system-out>
         <system-err><![CDATA[]]></system-err>
      </testcase>
      <testcase name="Test Cases/L-9" time="21.197" classname="Test Cases/L-9" status="PASSED">
         <system-out><![CDATA[2020-05-01 21:53:59 - [TEST_CASE][PASSED] - Test Cases/L-9: Test Cases/L-9

2020-05-01 21:54:00 - [TEST_STEP][PASSED] - openBrowser(""): Browser is opened with url: ''

2020-05-01 21:54:00 - [MESSAGE][INFO] - Starting 'Firefox' driver

2020-05-01 21:54:08 - [MESSAGE][PASSED] - Browser is opened with url: ''

2020-05-01 21:54:08 - [TEST_STEP][PASSED] - navigateToUrl("http://kmg.hcm.pl/testowanie/"): Navigate to 'http://kmg.hcm.pl/testowanie/' successfully

2020-05-01 21:54:16 - [MESSAGE][PASSED] - Navigate to 'http://kmg.hcm.pl/testowanie/' successfully

2020-05-01 21:54:16 - [TEST_STEP][PASSED] - maximizeWindow(): Current window maximized

2020-05-01 21:54:16 - [MESSAGE][PASSED] - Current window maximized

2020-05-01 21:54:16 - [TEST_STEP][PASSED] - sendKeys(findTestObject("Nazwa użytkownika"), varLogin): Keys 'Iza' sent to object: 'Object Repository/Nazwa użytkownika'

2020-05-01 21:54:16 - [MESSAGE][PASSED] - Keys 'Iza' sent to object: 'Object Repository/Nazwa użytkownika'

2020-05-01 21:54:16 - [TEST_STEP][PASSED] - sendKeys(findTestObject("Hasło"), varPassword): Keys 'gruszka' sent to object: 'Object Repository/Hasło'

2020-05-01 21:54:17 - [MESSAGE][PASSED] - Keys 'gruszka' sent to object: 'Object Repository/Hasło'

2020-05-01 21:54:17 - [TEST_STEP][PASSED] - click(findTestObject("Button Login")): Object: 'Object Repository/Button Login' is clicked on

2020-05-01 21:54:17 - [MESSAGE][PASSED] - Object: 'Object Repository/Button Login' is clicked on

2020-05-01 21:54:17 - [TEST_STEP][PASSED] - verifyAlertPresent(0): Alert is present after 30 second(s).

2020-05-01 21:54:17 - [MESSAGE][WARNING] - Timeout '0' is invalid. Using default page load timeout: '30'

2020-05-01 21:54:17 - [MESSAGE][PASSED] - Alert is present after 30 second(s).

2020-05-01 21:54:17 - [TEST_STEP][PASSED] - acceptAlert(): Alert accepted

2020-05-01 21:54:17 - [MESSAGE][PASSED] - Alert accepted

2020-05-01 21:54:17 - [TEST_STEP][PASSED] - verifyNotEqual(findTestObject("Historia rozmów"), findTestObject("Text Link Zajestruj konto")): Actual object 'TestObject - 'Object Repository/Historia rozmów'' and expected object 'TestObject - 'Object Repository/Text Link Zajestruj konto'' are not equal

2020-05-01 21:54:18 - [MESSAGE][PASSED] - Actual object 'TestObject - 'Object Repository/Historia rozmów'' and expected object 'TestObject - 'Object Repository/Text Link Zajestruj konto'' are not equal

2020-05-01 21:54:18 - [TEST_STEP][PASSED] - verifyElementVisible(findTestObject("Text Link Zajestruj konto")): Object 'Object Repository/Text Link Zajestruj konto' is visible

2020-05-01 21:54:19 - [MESSAGE][PASSED] - Object 'Object Repository/Text Link Zajestruj konto' is visible

2020-05-01 21:54:19 - [TEST_STEP][PASSED] - closeBrowser(): Browser is closed

2020-05-01 21:54:21 - [MESSAGE][PASSED] - Browser is closed]]></system-out>
         <system-err><![CDATA[]]></system-err>
      </testcase>
      <testcase name="Test Cases/L-9" time="17.043" classname="Test Cases/L-9" status="PASSED">
         <system-out><![CDATA[2020-05-01 21:54:21 - [TEST_CASE][PASSED] - Test Cases/L-9: Test Cases/L-9

2020-05-01 21:54:21 - [TEST_STEP][PASSED] - openBrowser(""): Browser is opened with url: ''

2020-05-01 21:54:21 - [MESSAGE][INFO] - Starting 'Firefox' driver

2020-05-01 21:54:28 - [MESSAGE][PASSED] - Browser is opened with url: ''

2020-05-01 21:54:28 - [TEST_STEP][PASSED] - navigateToUrl("http://kmg.hcm.pl/testowanie/"): Navigate to 'http://kmg.hcm.pl/testowanie/' successfully

2020-05-01 21:54:33 - [MESSAGE][PASSED] - Navigate to 'http://kmg.hcm.pl/testowanie/' successfully

2020-05-01 21:54:33 - [TEST_STEP][PASSED] - maximizeWindow(): Current window maximized

2020-05-01 21:54:33 - [MESSAGE][PASSED] - Current window maximized

2020-05-01 21:54:33 - [TEST_STEP][PASSED] - sendKeys(findTestObject("Nazwa użytkownika"), varLogin): Keys 'Iza' sent to object: 'Object Repository/Nazwa użytkownika'

2020-05-01 21:54:33 - [MESSAGE][PASSED] - Keys 'Iza' sent to object: 'Object Repository/Nazwa użytkownika'

2020-05-01 21:54:33 - [TEST_STEP][PASSED] - sendKeys(findTestObject("Hasło"), varPassword): Keys 'pietruszka11111' sent to object: 'Object Repository/Hasło'

2020-05-01 21:54:34 - [MESSAGE][PASSED] - Keys 'pietruszka11111' sent to object: 'Object Repository/Hasło'

2020-05-01 21:54:34 - [TEST_STEP][PASSED] - click(findTestObject("Button Login")): Object: 'Object Repository/Button Login' is clicked on

2020-05-01 21:54:35 - [MESSAGE][PASSED] - Object: 'Object Repository/Button Login' is clicked on

2020-05-01 21:54:35 - [TEST_STEP][PASSED] - verifyAlertPresent(0): Alert is present after 30 second(s).

2020-05-01 21:54:35 - [MESSAGE][WARNING] - Timeout '0' is invalid. Using default page load timeout: '30'

2020-05-01 21:54:35 - [MESSAGE][PASSED] - Alert is present after 30 second(s).

2020-05-01 21:54:35 - [TEST_STEP][PASSED] - acceptAlert(): Alert accepted

2020-05-01 21:54:35 - [MESSAGE][PASSED] - Alert accepted

2020-05-01 21:54:35 - [TEST_STEP][PASSED] - verifyNotEqual(findTestObject("Historia rozmów"), findTestObject("Text Link Zajestruj konto")): Actual object 'TestObject - 'Object Repository/Historia rozmów'' and expected object 'TestObject - 'Object Repository/Text Link Zajestruj konto'' are not equal

2020-05-01 21:54:35 - [MESSAGE][PASSED] - Actual object 'TestObject - 'Object Repository/Historia rozmów'' and expected object 'TestObject - 'Object Repository/Text Link Zajestruj konto'' are not equal

2020-05-01 21:54:35 - [TEST_STEP][PASSED] - verifyElementVisible(findTestObject("Text Link Zajestruj konto")): Object 'Object Repository/Text Link Zajestruj konto' is visible

2020-05-01 21:54:36 - [MESSAGE][PASSED] - Object 'Object Repository/Text Link Zajestruj konto' is visible

2020-05-01 21:54:36 - [TEST_STEP][PASSED] - closeBrowser(): Browser is closed

2020-05-01 21:54:38 - [MESSAGE][PASSED] - Browser is closed]]></system-out>
         <system-err><![CDATA[]]></system-err>
      </testcase>
      <testcase name="Test Cases/L-9" time="18.392" classname="Test Cases/L-9" status="PASSED">
         <system-out><![CDATA[2020-05-01 21:54:38 - [TEST_CASE][PASSED] - Test Cases/L-9: Test Cases/L-9

2020-05-01 21:54:38 - [TEST_STEP][PASSED] - openBrowser(""): Browser is opened with url: ''

2020-05-01 21:54:38 - [MESSAGE][INFO] - Starting 'Firefox' driver

2020-05-01 21:54:47 - [MESSAGE][PASSED] - Browser is opened with url: ''

2020-05-01 21:54:47 - [TEST_STEP][PASSED] - navigateToUrl("http://kmg.hcm.pl/testowanie/"): Navigate to 'http://kmg.hcm.pl/testowanie/' successfully

2020-05-01 21:54:51 - [MESSAGE][PASSED] - Navigate to 'http://kmg.hcm.pl/testowanie/' successfully

2020-05-01 21:54:51 - [TEST_STEP][PASSED] - maximizeWindow(): Current window maximized

2020-05-01 21:54:51 - [MESSAGE][PASSED] - Current window maximized

2020-05-01 21:54:51 - [TEST_STEP][PASSED] - sendKeys(findTestObject("Nazwa użytkownika"), varLogin): Keys 'Iza' sent to object: 'Object Repository/Nazwa użytkownika'

2020-05-01 21:54:52 - [MESSAGE][PASSED] - Keys 'Iza' sent to object: 'Object Repository/Nazwa użytkownika'

2020-05-01 21:54:52 - [TEST_STEP][PASSED] - sendKeys(findTestObject("Hasło"), varPassword): Keys 'oco123' sent to object: 'Object Repository/Hasło'

2020-05-01 21:54:52 - [MESSAGE][PASSED] - Keys 'oco123' sent to object: 'Object Repository/Hasło'

2020-05-01 21:54:52 - [TEST_STEP][PASSED] - click(findTestObject("Button Login")): Object: 'Object Repository/Button Login' is clicked on

2020-05-01 21:54:53 - [MESSAGE][PASSED] - Object: 'Object Repository/Button Login' is clicked on

2020-05-01 21:54:53 - [TEST_STEP][PASSED] - verifyAlertPresent(0): Alert is present after 30 second(s).

2020-05-01 21:54:53 - [MESSAGE][WARNING] - Timeout '0' is invalid. Using default page load timeout: '30'

2020-05-01 21:54:53 - [MESSAGE][PASSED] - Alert is present after 30 second(s).

2020-05-01 21:54:53 - [TEST_STEP][PASSED] - acceptAlert(): Alert accepted

2020-05-01 21:54:53 - [MESSAGE][PASSED] - Alert accepted

2020-05-01 21:54:53 - [TEST_STEP][PASSED] - verifyNotEqual(findTestObject("Historia rozmów"), findTestObject("Text Link Zajestruj konto")): Actual object 'TestObject - 'Object Repository/Historia rozmów'' and expected object 'TestObject - 'Object Repository/Text Link Zajestruj konto'' are not equal

2020-05-01 21:54:53 - [MESSAGE][PASSED] - Actual object 'TestObject - 'Object Repository/Historia rozmów'' and expected object 'TestObject - 'Object Repository/Text Link Zajestruj konto'' are not equal

2020-05-01 21:54:53 - [TEST_STEP][PASSED] - verifyElementVisible(findTestObject("Text Link Zajestruj konto")): Object 'Object Repository/Text Link Zajestruj konto' is visible

2020-05-01 21:54:54 - [MESSAGE][PASSED] - Object 'Object Repository/Text Link Zajestruj konto' is visible

2020-05-01 21:54:54 - [TEST_STEP][PASSED] - closeBrowser(): Browser is closed

2020-05-01 21:54:56 - [MESSAGE][PASSED] - Browser is closed]]></system-out>
         <system-err><![CDATA[]]></system-err>
      </testcase>
      <testcase name="Test Cases/L-9" time="18.978" classname="Test Cases/L-9" status="PASSED">
         <system-out><![CDATA[2020-05-01 21:54:56 - [TEST_CASE][PASSED] - Test Cases/L-9: Test Cases/L-9

2020-05-01 21:54:56 - [TEST_STEP][PASSED] - openBrowser(""): Browser is opened with url: ''

2020-05-01 21:54:56 - [MESSAGE][INFO] - Starting 'Firefox' driver

2020-05-01 21:55:05 - [MESSAGE][PASSED] - Browser is opened with url: ''

2020-05-01 21:55:05 - [TEST_STEP][PASSED] - navigateToUrl("http://kmg.hcm.pl/testowanie/"): Navigate to 'http://kmg.hcm.pl/testowanie/' successfully

2020-05-01 21:55:10 - [MESSAGE][PASSED] - Navigate to 'http://kmg.hcm.pl/testowanie/' successfully

2020-05-01 21:55:10 - [TEST_STEP][PASSED] - maximizeWindow(): Current window maximized

2020-05-01 21:55:10 - [MESSAGE][PASSED] - Current window maximized

2020-05-01 21:55:10 - [TEST_STEP][PASSED] - sendKeys(findTestObject("Nazwa użytkownika"), varLogin): Keys 'Iza' sent to object: 'Object Repository/Nazwa użytkownika'

2020-05-01 21:55:11 - [MESSAGE][PASSED] - Keys 'Iza' sent to object: 'Object Repository/Nazwa użytkownika'

2020-05-01 21:55:11 - [TEST_STEP][PASSED] - sendKeys(findTestObject("Hasło"), varPassword): Keys 'glajda0909' sent to object: 'Object Repository/Hasło'

2020-05-01 21:55:11 - [MESSAGE][PASSED] - Keys 'glajda0909' sent to object: 'Object Repository/Hasło'

2020-05-01 21:55:11 - [TEST_STEP][PASSED] - click(findTestObject("Button Login")): Object: 'Object Repository/Button Login' is clicked on

2020-05-01 21:55:12 - [MESSAGE][PASSED] - Object: 'Object Repository/Button Login' is clicked on

2020-05-01 21:55:12 - [TEST_STEP][PASSED] - verifyAlertPresent(0): Alert is present after 30 second(s).

2020-05-01 21:55:12 - [MESSAGE][WARNING] - Timeout '0' is invalid. Using default page load timeout: '30'

2020-05-01 21:55:12 - [MESSAGE][PASSED] - Alert is present after 30 second(s).

2020-05-01 21:55:12 - [TEST_STEP][PASSED] - acceptAlert(): Alert accepted

2020-05-01 21:55:13 - [MESSAGE][PASSED] - Alert accepted

2020-05-01 21:55:13 - [TEST_STEP][PASSED] - verifyNotEqual(findTestObject("Historia rozmów"), findTestObject("Text Link Zajestruj konto")): Actual object 'TestObject - 'Object Repository/Historia rozmów'' and expected object 'TestObject - 'Object Repository/Text Link Zajestruj konto'' are not equal

2020-05-01 21:55:13 - [MESSAGE][PASSED] - Actual object 'TestObject - 'Object Repository/Historia rozmów'' and expected object 'TestObject - 'Object Repository/Text Link Zajestruj konto'' are not equal

2020-05-01 21:55:13 - [TEST_STEP][PASSED] - verifyElementVisible(findTestObject("Text Link Zajestruj konto")): Object 'Object Repository/Text Link Zajestruj konto' is visible

2020-05-01 21:55:13 - [MESSAGE][PASSED] - Object 'Object Repository/Text Link Zajestruj konto' is visible

2020-05-01 21:55:13 - [TEST_STEP][PASSED] - closeBrowser(): Browser is closed

2020-05-01 21:55:15 - [MESSAGE][PASSED] - Browser is closed]]></system-out>
         <system-err><![CDATA[]]></system-err>
      </testcase>
      <testcase name="Test Cases/L-9" time="19.392" classname="Test Cases/L-9" status="PASSED">
         <system-out><![CDATA[2020-05-01 21:55:15 - [TEST_CASE][PASSED] - Test Cases/L-9: Test Cases/L-9

2020-05-01 21:55:15 - [TEST_STEP][PASSED] - openBrowser(""): Browser is opened with url: ''

2020-05-01 21:55:15 - [MESSAGE][INFO] - Starting 'Firefox' driver

2020-05-01 21:55:24 - [MESSAGE][PASSED] - Browser is opened with url: ''

2020-05-01 21:55:24 - [TEST_STEP][PASSED] - navigateToUrl("http://kmg.hcm.pl/testowanie/"): Navigate to 'http://kmg.hcm.pl/testowanie/' successfully

2020-05-01 21:55:30 - [MESSAGE][PASSED] - Navigate to 'http://kmg.hcm.pl/testowanie/' successfully

2020-05-01 21:55:30 - [TEST_STEP][PASSED] - maximizeWindow(): Current window maximized

2020-05-01 21:55:30 - [MESSAGE][PASSED] - Current window maximized

2020-05-01 21:55:30 - [TEST_STEP][PASSED] - sendKeys(findTestObject("Nazwa użytkownika"), varLogin): Keys 'Iza' sent to object: 'Object Repository/Nazwa użytkownika'

2020-05-01 21:55:30 - [MESSAGE][PASSED] - Keys 'Iza' sent to object: 'Object Repository/Nazwa użytkownika'

2020-05-01 21:55:30 - [TEST_STEP][PASSED] - sendKeys(findTestObject("Hasło"), varPassword): Keys 'czekolada@#' sent to object: 'Object Repository/Hasło'

2020-05-01 21:55:31 - [MESSAGE][PASSED] - Keys 'czekolada@#' sent to object: 'Object Repository/Hasło'

2020-05-01 21:55:31 - [TEST_STEP][PASSED] - click(findTestObject("Button Login")): Object: 'Object Repository/Button Login' is clicked on

2020-05-01 21:55:31 - [MESSAGE][PASSED] - Object: 'Object Repository/Button Login' is clicked on

2020-05-01 21:55:31 - [TEST_STEP][PASSED] - verifyAlertPresent(0): Alert is present after 30 second(s).

2020-05-01 21:55:31 - [MESSAGE][WARNING] - Timeout '0' is invalid. Using default page load timeout: '30'

2020-05-01 21:55:32 - [MESSAGE][PASSED] - Alert is present after 30 second(s).

2020-05-01 21:55:32 - [TEST_STEP][PASSED] - acceptAlert(): Alert accepted

2020-05-01 21:55:32 - [MESSAGE][PASSED] - Alert accepted

2020-05-01 21:55:32 - [TEST_STEP][PASSED] - verifyNotEqual(findTestObject("Historia rozmów"), findTestObject("Text Link Zajestruj konto")): Actual object 'TestObject - 'Object Repository/Historia rozmów'' and expected object 'TestObject - 'Object Repository/Text Link Zajestruj konto'' are not equal

2020-05-01 21:55:32 - [MESSAGE][PASSED] - Actual object 'TestObject - 'Object Repository/Historia rozmów'' and expected object 'TestObject - 'Object Repository/Text Link Zajestruj konto'' are not equal

2020-05-01 21:55:32 - [TEST_STEP][PASSED] - verifyElementVisible(findTestObject("Text Link Zajestruj konto")): Object 'Object Repository/Text Link Zajestruj konto' is visible

2020-05-01 21:55:33 - [MESSAGE][PASSED] - Object 'Object Repository/Text Link Zajestruj konto' is visible

2020-05-01 21:55:33 - [TEST_STEP][PASSED] - closeBrowser(): Browser is closed

2020-05-01 21:55:35 - [MESSAGE][PASSED] - Browser is closed]]></system-out>
         <system-err><![CDATA[]]></system-err>
      </testcase>
      <testcase name="Test Cases/L-9" time="16.583" classname="Test Cases/L-9" status="PASSED">
         <system-out><![CDATA[2020-05-01 21:55:35 - [TEST_CASE][PASSED] - Test Cases/L-9: Test Cases/L-9

2020-05-01 21:55:35 - [TEST_STEP][PASSED] - openBrowser(""): Browser is opened with url: ''

2020-05-01 21:55:35 - [MESSAGE][INFO] - Starting 'Firefox' driver

2020-05-01 21:55:43 - [MESSAGE][PASSED] - Browser is opened with url: ''

2020-05-01 21:55:43 - [TEST_STEP][PASSED] - navigateToUrl("http://kmg.hcm.pl/testowanie/"): Navigate to 'http://kmg.hcm.pl/testowanie/' successfully

2020-05-01 21:55:46 - [MESSAGE][PASSED] - Navigate to 'http://kmg.hcm.pl/testowanie/' successfully

2020-05-01 21:55:46 - [TEST_STEP][PASSED] - maximizeWindow(): Current window maximized

2020-05-01 21:55:46 - [MESSAGE][PASSED] - Current window maximized

2020-05-01 21:55:46 - [TEST_STEP][PASSED] - sendKeys(findTestObject("Nazwa użytkownika"), varLogin): Keys 'Iza' sent to object: 'Object Repository/Nazwa użytkownika'

2020-05-01 21:55:47 - [MESSAGE][PASSED] - Keys 'Iza' sent to object: 'Object Repository/Nazwa użytkownika'

2020-05-01 21:55:47 - [TEST_STEP][PASSED] - sendKeys(findTestObject("Hasło"), varPassword): Keys '[a-zA-Z]' sent to object: 'Object Repository/Hasło'

2020-05-01 21:55:47 - [MESSAGE][PASSED] - Keys '[a-zA-Z]' sent to object: 'Object Repository/Hasło'

2020-05-01 21:55:47 - [TEST_STEP][PASSED] - click(findTestObject("Button Login")): Object: 'Object Repository/Button Login' is clicked on

2020-05-01 21:55:48 - [MESSAGE][PASSED] - Object: 'Object Repository/Button Login' is clicked on

2020-05-01 21:55:48 - [TEST_STEP][PASSED] - verifyAlertPresent(0): Alert is present after 30 second(s).

2020-05-01 21:55:48 - [MESSAGE][WARNING] - Timeout '0' is invalid. Using default page load timeout: '30'

2020-05-01 21:55:48 - [MESSAGE][PASSED] - Alert is present after 30 second(s).

2020-05-01 21:55:48 - [TEST_STEP][PASSED] - acceptAlert(): Alert accepted

2020-05-01 21:55:48 - [MESSAGE][PASSED] - Alert accepted

2020-05-01 21:55:48 - [TEST_STEP][PASSED] - verifyNotEqual(findTestObject("Historia rozmów"), findTestObject("Text Link Zajestruj konto")): Actual object 'TestObject - 'Object Repository/Historia rozmów'' and expected object 'TestObject - 'Object Repository/Text Link Zajestruj konto'' are not equal

2020-05-01 21:55:49 - [MESSAGE][PASSED] - Actual object 'TestObject - 'Object Repository/Historia rozmów'' and expected object 'TestObject - 'Object Repository/Text Link Zajestruj konto'' are not equal

2020-05-01 21:55:49 - [TEST_STEP][PASSED] - verifyElementVisible(findTestObject("Text Link Zajestruj konto")): Object 'Object Repository/Text Link Zajestruj konto' is visible

2020-05-01 21:55:49 - [MESSAGE][PASSED] - Object 'Object Repository/Text Link Zajestruj konto' is visible

2020-05-01 21:55:49 - [TEST_STEP][PASSED] - closeBrowser(): Browser is closed

2020-05-01 21:55:51 - [MESSAGE][PASSED] - Browser is closed]]></system-out>
         <system-err><![CDATA[]]></system-err>
      </testcase>
      <testcase name="Test Cases/L-9" time="18.992" classname="Test Cases/L-9" status="PASSED">
         <system-out><![CDATA[2020-05-01 21:55:51 - [TEST_CASE][PASSED] - Test Cases/L-9: Test Cases/L-9

2020-05-01 21:55:51 - [TEST_STEP][PASSED] - openBrowser(""): Browser is opened with url: ''

2020-05-01 21:55:51 - [MESSAGE][INFO] - Starting 'Firefox' driver

2020-05-01 21:56:00 - [MESSAGE][PASSED] - Browser is opened with url: ''

2020-05-01 21:56:00 - [TEST_STEP][PASSED] - navigateToUrl("http://kmg.hcm.pl/testowanie/"): Navigate to 'http://kmg.hcm.pl/testowanie/' successfully

2020-05-01 21:56:05 - [MESSAGE][PASSED] - Navigate to 'http://kmg.hcm.pl/testowanie/' successfully

2020-05-01 21:56:05 - [TEST_STEP][PASSED] - maximizeWindow(): Current window maximized

2020-05-01 21:56:05 - [MESSAGE][PASSED] - Current window maximized

2020-05-01 21:56:05 - [TEST_STEP][PASSED] - sendKeys(findTestObject("Nazwa użytkownika"), varLogin): Keys 'Iza' sent to object: 'Object Repository/Nazwa użytkownika'

2020-05-01 21:56:06 - [MESSAGE][PASSED] - Keys 'Iza' sent to object: 'Object Repository/Nazwa użytkownika'

2020-05-01 21:56:06 - [TEST_STEP][PASSED] - sendKeys(findTestObject("Hasło"), varPassword): Keys '123456' sent to object: 'Object Repository/Hasło'

2020-05-01 21:56:06 - [MESSAGE][PASSED] - Keys '123456' sent to object: 'Object Repository/Hasło'

2020-05-01 21:56:06 - [TEST_STEP][PASSED] - click(findTestObject("Button Login")): Object: 'Object Repository/Button Login' is clicked on

2020-05-01 21:56:07 - [MESSAGE][PASSED] - Object: 'Object Repository/Button Login' is clicked on

2020-05-01 21:56:07 - [TEST_STEP][PASSED] - verifyAlertPresent(0): Alert is present after 30 second(s).

2020-05-01 21:56:07 - [MESSAGE][WARNING] - Timeout '0' is invalid. Using default page load timeout: '30'

2020-05-01 21:56:07 - [MESSAGE][PASSED] - Alert is present after 30 second(s).

2020-05-01 21:56:07 - [TEST_STEP][PASSED] - acceptAlert(): Alert accepted

2020-05-01 21:56:07 - [MESSAGE][PASSED] - Alert accepted

2020-05-01 21:56:07 - [TEST_STEP][PASSED] - verifyNotEqual(findTestObject("Historia rozmów"), findTestObject("Text Link Zajestruj konto")): Actual object 'TestObject - 'Object Repository/Historia rozmów'' and expected object 'TestObject - 'Object Repository/Text Link Zajestruj konto'' are not equal

2020-05-01 21:56:08 - [MESSAGE][PASSED] - Actual object 'TestObject - 'Object Repository/Historia rozmów'' and expected object 'TestObject - 'Object Repository/Text Link Zajestruj konto'' are not equal

2020-05-01 21:56:08 - [TEST_STEP][PASSED] - verifyElementVisible(findTestObject("Text Link Zajestruj konto")): Object 'Object Repository/Text Link Zajestruj konto' is visible

2020-05-01 21:56:08 - [MESSAGE][PASSED] - Object 'Object Repository/Text Link Zajestruj konto' is visible

2020-05-01 21:56:08 - [TEST_STEP][PASSED] - closeBrowser(): Browser is closed

2020-05-01 21:56:10 - [MESSAGE][PASSED] - Browser is closed]]></system-out>
         <system-err><![CDATA[]]></system-err>
      </testcase>
      <testcase name="Test Cases/L-10" time="31.303" classname="Test Cases/L-10" status="FAILED">
         <failure type="FAILED" message="Test Cases/L-10 FAILED.
Reason:
com.kms.katalon.core.exception.StepFailedException: Unable to verify alert present (Root cause: com.kms.katalon.core.exception.StepFailedException: Unable to verify alert present
	at com.kms.katalon.core.webui.keyword.internal.WebUIKeywordMain.stepFailed(WebUIKeywordMain.groovy:64)
	at com.kms.katalon.core.webui.keyword.internal.WebUIKeywordMain.runKeyword(WebUIKeywordMain.groovy:26)
	at com.kms.katalon.core.webui.keyword.builtin.VerifyAlertPresentKeyword.verifyAlertPresent(VerifyAlertPresentKeyword.groovy:72)
	at com.kms.katalon.core.webui.keyword.builtin.VerifyAlertPresentKeyword.execute(VerifyAlertPresentKeyword.groovy:67)
	at com.kms.katalon.core.keyword.internal.KeywordExecutor.executeKeywordForPlatform(KeywordExecutor.groovy:72)
	at com.kms.katalon.core.webui.keyword.WebUiBuiltInKeywords.verifyAlertPresent(WebUiBuiltInKeywords.groovy:1631)
	at com.kms.katalon.core.webui.keyword.WebUiBuiltInKeywords$verifyAlertPresent$4.call(Unknown Source)
	at L-10.run(L-10:33)
	at com.kms.katalon.core.main.ScriptEngine.run(ScriptEngine.java:194)
	at com.kms.katalon.core.main.ScriptEngine.runScriptAsRawText(ScriptEngine.java:119)
	at com.kms.katalon.core.main.TestCaseExecutor.runScript(TestCaseExecutor.java:337)
	at com.kms.katalon.core.main.TestCaseExecutor.doExecute(TestCaseExecutor.java:328)
	at com.kms.katalon.core.main.TestCaseExecutor.processExecutionPhase(TestCaseExecutor.java:307)
	at com.kms.katalon.core.main.TestCaseExecutor.accessMainPhase(TestCaseExecutor.java:299)
	at com.kms.katalon.core.main.TestCaseExecutor.execute(TestCaseExecutor.java:233)
	at com.kms.katalon.core.main.TestSuiteExecutor.accessTestCaseMainPhase(TestSuiteExecutor.java:169)
	at com.kms.katalon.core.main.TestSuiteExecutor.accessTestSuiteMainPhase(TestSuiteExecutor.java:142)
	at com.kms.katalon.core.main.TestSuiteExecutor.execute(TestSuiteExecutor.java:91)
	at com.kms.katalon.core.main.TestCaseMain.startTestSuite(TestCaseMain.java:157)
	at com.kms.katalon.core.main.TestCaseMain$startTestSuite$0.call(Unknown Source)
	at TempTestSuite1588362788509.run(TempTestSuite1588362788509.groovy:36)
Caused by: org.openqa.selenium.WebDriverException: Failed to decode response from marionette
Build info: version: '3.141.59', revision: 'e82be7d358', time: '2018-11-14T08:25:53'
System info: host: 'LAPTOP-HT1PRHJP', ip: '192.168.1.160', os.name: 'Windows 10', os.arch: 'amd64', os.version: '10.0', java.version: '1.8.0_181'
Driver info: com.kms.katalon.core.webui.driver.firefox.CGeckoDriver
Capabilities {acceptInsecureCerts: true, browserName: firefox, browserVersion: 75.0, javascriptEnabled: true, moz:accessibilityChecks: false, moz:buildID: 20200403170909, moz:geckodriverVersion: 0.23.0, moz:headless: false, moz:processID: 12004, moz:profile: C:\Users\Cassiz\AppData\Loc..., moz:shutdownTimeout: 60000, moz:useNonSpecCompliantPointerOrigin: false, moz:webdriverClick: true, pageLoadStrategy: normal, platform: WINDOWS, platformName: WINDOWS, platformVersion: 10.0, proxy: Proxy(direct), rotatable: false, setWindowRect: true, strictFileInteractability: false, timeouts: {implicit: 0, pageLoad: 300000, script: 30000}, unhandledPromptBehavior: dismiss and notify}
Session ID: c7e4874d-a8e2-4353-b6cc-9f946f30ef22
	at org.openqa.selenium.remote.http.W3CHttpResponseCodec.createException(W3CHttpResponseCodec.java:187)
	at org.openqa.selenium.remote.http.W3CHttpResponseCodec.decode(W3CHttpResponseCodec.java:122)
	at org.openqa.selenium.remote.http.W3CHttpResponseCodec.decode(W3CHttpResponseCodec.java:49)
	at org.openqa.selenium.remote.HttpCommandExecutor.execute(HttpCommandExecutor.java:158)
	at org.openqa.selenium.remote.service.DriverCommandExecutor.execute(DriverCommandExecutor.java:83)
	at org.openqa.selenium.remote.RemoteWebDriver.execute(RemoteWebDriver.java:552)
	at com.kms.katalon.selenium.driver.CFirefoxDriver.execute(CFirefoxDriver.java:27)
	at org.openqa.selenium.remote.RemoteWebDriver.execute(RemoteWebDriver.java:609)
	at org.openqa.selenium.remote.RemoteWebDriver$RemoteTargetLocator.alert(RemoteWebDriver.java:932)
	at org.openqa.selenium.support.events.EventFiringWebDriver$EventFiringTargetLocator.alert(EventFiringWebDriver.java:735)
	at com.kms.katalon.core.webui.driver.DriverFactory.getAlert(DriverFactory.java:877)
	at com.kms.katalon.core.webui.driver.DriverFactory.waitForAlert(DriverFactory.java:898)
	at com.kms.katalon.core.webui.keyword.builtin.VerifyAlertPresentKeyword$_verifyAlertPresent_closure1.doCall(VerifyAlertPresentKeyword.groovy:74)
	at com.kms.katalon.core.webui.keyword.builtin.VerifyAlertPresentKeyword$_verifyAlertPresent_closure1.call(VerifyAlertPresentKeyword.groovy)
	at com.kms.katalon.core.webui.keyword.internal.WebUIKeywordMain.runKeyword(WebUIKeywordMain.groovy:20)
	at com.kms.katalon.core.webui.keyword.builtin.VerifyAlertPresentKeyword.verifyAlertPresent(VerifyAlertPresentKeyword.groovy:72)
	at com.kms.katalon.core.webui.keyword.builtin.VerifyAlertPresentKeyword.execute(VerifyAlertPresentKeyword.groovy:67)
	at com.kms.katalon.core.keyword.internal.KeywordExecutor.executeKeywordForPlatform(KeywordExecutor.groovy:72)
	at com.kms.katalon.core.webui.keyword.WebUiBuiltInKeywords.verifyAlertPresent(WebUiBuiltInKeywords.groovy:1631)
	at com.kms.katalon.core.webui.keyword.WebUiBuiltInKeywords$verifyAlertPresent$4.call(Unknown Source)
	at Script1588350220304.run(Script1588350220304.groovy:33)
	... 13 more
)
	at com.kms.katalon.core.keyword.internal.KeywordMain.stepFailed(KeywordMain.groovy:39)
	at com.kms.katalon.core.webui.keyword.internal.WebUIKeywordMain.stepFailed(WebUIKeywordMain.groovy:64)
	at com.kms.katalon.core.webui.keyword.internal.WebUIKeywordMain.runKeyword(WebUIKeywordMain.groovy:26)
	at com.kms.katalon.core.webui.keyword.builtin.VerifyAlertPresentKeyword.verifyAlertPresent(VerifyAlertPresentKeyword.groovy:72)
	at com.kms.katalon.core.webui.keyword.builtin.VerifyAlertPresentKeyword.execute(VerifyAlertPresentKeyword.groovy:67)
	at com.kms.katalon.core.keyword.internal.KeywordExecutor.executeKeywordForPlatform(KeywordExecutor.groovy:72)
	at com.kms.katalon.core.webui.keyword.WebUiBuiltInKeywords.verifyAlertPresent(WebUiBuiltInKeywords.groovy:1631)
	at com.kms.katalon.core.webui.keyword.WebUiBuiltInKeywords$verifyAlertPresent$4.call(Unknown Source)
	at L-10.run(L-10:33)
	at com.kms.katalon.core.main.ScriptEngine.run(ScriptEngine.java:194)
	at com.kms.katalon.core.main.ScriptEngine.runScriptAsRawText(ScriptEngine.java:119)
	at com.kms.katalon.core.main.TestCaseExecutor.runScript(TestCaseExecutor.java:337)
	at com.kms.katalon.core.main.TestCaseExecutor.doExecute(TestCaseExecutor.java:328)
	at com.kms.katalon.core.main.TestCaseExecutor.processExecutionPhase(TestCaseExecutor.java:307)
	at com.kms.katalon.core.main.TestCaseExecutor.accessMainPhase(TestCaseExecutor.java:299)
	at com.kms.katalon.core.main.TestCaseExecutor.execute(TestCaseExecutor.java:233)
	at com.kms.katalon.core.main.TestSuiteExecutor.accessTestCaseMainPhase(TestSuiteExecutor.java:169)
	at com.kms.katalon.core.main.TestSuiteExecutor.accessTestSuiteMainPhase(TestSuiteExecutor.java:142)
	at com.kms.katalon.core.main.TestSuiteExecutor.execute(TestSuiteExecutor.java:91)
	at com.kms.katalon.core.main.TestCaseMain.startTestSuite(TestCaseMain.java:157)
	at com.kms.katalon.core.main.TestCaseMain$startTestSuite$0.call(Unknown Source)
	at TempTestSuite1588362788509.run(TempTestSuite1588362788509.groovy:36)
Caused by: com.kms.katalon.core.exception.StepFailedException: Unable to verify alert present
	... 21 more
Caused by: org.openqa.selenium.WebDriverException: Failed to decode response from marionette
Build info: version: '3.141.59', revision: 'e82be7d358', time: '2018-11-14T08:25:53'
System info: host: 'LAPTOP-HT1PRHJP', ip: '192.168.1.160', os.name: 'Windows 10', os.arch: 'amd64', os.version: '10.0', java.version: '1.8.0_181'
Driver info: com.kms.katalon.core.webui.driver.firefox.CGeckoDriver
Capabilities {acceptInsecureCerts: true, browserName: firefox, browserVersion: 75.0, javascriptEnabled: true, moz:accessibilityChecks: false, moz:buildID: 20200403170909, moz:geckodriverVersion: 0.23.0, moz:headless: false, moz:processID: 12004, moz:profile: C:\Users\Cassiz\AppData\Loc..., moz:shutdownTimeout: 60000, moz:useNonSpecCompliantPointerOrigin: false, moz:webdriverClick: true, pageLoadStrategy: normal, platform: WINDOWS, platformName: WINDOWS, platformVersion: 10.0, proxy: Proxy(direct), rotatable: false, setWindowRect: true, strictFileInteractability: false, timeouts: {implicit: 0, pageLoad: 300000, script: 30000}, unhandledPromptBehavior: dismiss and notify}
Session ID: c7e4874d-a8e2-4353-b6cc-9f946f30ef22
	at org.openqa.selenium.remote.http.W3CHttpResponseCodec.createException(W3CHttpResponseCodec.java:187)
	at org.openqa.selenium.remote.http.W3CHttpResponseCodec.decode(W3CHttpResponseCodec.java:122)
	at org.openqa.selenium.remote.http.W3CHttpResponseCodec.decode(W3CHttpResponseCodec.java:49)
	at org.openqa.selenium.remote.HttpCommandExecutor.execute(HttpCommandExecutor.java:158)
	at org.openqa.selenium.remote.service.DriverCommandExecutor.execute(DriverCommandExecutor.java:83)
	at org.openqa.selenium.remote.RemoteWebDriver.execute(RemoteWebDriver.java:552)
	at com.kms.katalon.selenium.driver.CFirefoxDriver.execute(CFirefoxDriver.java:27)
	at org.openqa.selenium.remote.RemoteWebDriver.execute(RemoteWebDriver.java:609)
	at org.openqa.selenium.remote.RemoteWebDriver$RemoteTargetLocator.alert(RemoteWebDriver.java:932)
	at org.openqa.selenium.support.events.EventFiringWebDriver$EventFiringTargetLocator.alert(EventFiringWebDriver.java:735)
	at com.kms.katalon.core.webui.driver.DriverFactory.getAlert(DriverFactory.java:877)
	at com.kms.katalon.core.webui.driver.DriverFactory.waitForAlert(DriverFactory.java:898)
	at com.kms.katalon.core.webui.keyword.builtin.VerifyAlertPresentKeyword$_verifyAlertPresent_closure1.doCall(VerifyAlertPresentKeyword.groovy:74)
	at com.kms.katalon.core.webui.keyword.builtin.VerifyAlertPresentKeyword$_verifyAlertPresent_closure1.call(VerifyAlertPresentKeyword.groovy)
	at com.kms.katalon.core.webui.keyword.internal.WebUIKeywordMain.runKeyword(WebUIKeywordMain.groovy:20)
	... 19 more
"/>
         <system-out><![CDATA[2020-05-01 21:56:10 - [TEST_CASE][FAILED] - Test Cases/L-10: Test Cases/L-10 FAILED.
Reason:
com.kms.katalon.core.exception.StepFailedException: Unable to verify alert present (Root cause: com.kms.katalon.core.exception.StepFailedException: Unable to verify alert present
	at com.kms.katalon.core.webui.keyword.internal.WebUIKeywordMain.stepFailed(WebUIKeywordMain.groovy:64)
	at com.kms.katalon.core.webui.keyword.internal.WebUIKeywordMain.runKeyword(WebUIKeywordMain.groovy:26)
	at com.kms.katalon.core.webui.keyword.builtin.VerifyAlertPresentKeyword.verifyAlertPresent(VerifyAlertPresentKeyword.groovy:72)
	at com.kms.katalon.core.webui.keyword.builtin.VerifyAlertPresentKeyword.execute(VerifyAlertPresentKeyword.groovy:67)
	at com.kms.katalon.core.keyword.internal.KeywordExecutor.executeKeywordForPlatform(KeywordExecutor.groovy:72)
	at com.kms.katalon.core.webui.keyword.WebUiBuiltInKeywords.verifyAlertPresent(WebUiBuiltInKeywords.groovy:1631)
	at com.kms.katalon.core.webui.keyword.WebUiBuiltInKeywords$verifyAlertPresent$4.call(Unknown Source)
	at L-10.run(L-10:33)
	at com.kms.katalon.core.main.ScriptEngine.run(ScriptEngine.java:194)
	at com.kms.katalon.core.main.ScriptEngine.runScriptAsRawText(ScriptEngine.java:119)
	at com.kms.katalon.core.main.TestCaseExecutor.runScript(TestCaseExecutor.java:337)
	at com.kms.katalon.core.main.TestCaseExecutor.doExecute(TestCaseExecutor.java:328)
	at com.kms.katalon.core.main.TestCaseExecutor.processExecutionPhase(TestCaseExecutor.java:307)
	at com.kms.katalon.core.main.TestCaseExecutor.accessMainPhase(TestCaseExecutor.java:299)
	at com.kms.katalon.core.main.TestCaseExecutor.execute(TestCaseExecutor.java:233)
	at com.kms.katalon.core.main.TestSuiteExecutor.accessTestCaseMainPhase(TestSuiteExecutor.java:169)
	at com.kms.katalon.core.main.TestSuiteExecutor.accessTestSuiteMainPhase(TestSuiteExecutor.java:142)
	at com.kms.katalon.core.main.TestSuiteExecutor.execute(TestSuiteExecutor.java:91)
	at com.kms.katalon.core.main.TestCaseMain.startTestSuite(TestCaseMain.java:157)
	at com.kms.katalon.core.main.TestCaseMain$startTestSuite$0.call(Unknown Source)
	at TempTestSuite1588362788509.run(TempTestSuite1588362788509.groovy:36)
Caused by: org.openqa.selenium.WebDriverException: Failed to decode response from marionette
Build info: version: '3.141.59', revision: 'e82be7d358', time: '2018-11-14T08:25:53'
System info: host: 'LAPTOP-HT1PRHJP', ip: '192.168.1.160', os.name: 'Windows 10', os.arch: 'amd64', os.version: '10.0', java.version: '1.8.0_181'
Driver info: com.kms.katalon.core.webui.driver.firefox.CGeckoDriver
Capabilities {acceptInsecureCerts: true, browserName: firefox, browserVersion: 75.0, javascriptEnabled: true, moz:accessibilityChecks: false, moz:buildID: 20200403170909, moz:geckodriverVersion: 0.23.0, moz:headless: false, moz:processID: 12004, moz:profile: C:\Users\Cassiz\AppData\Loc..., moz:shutdownTimeout: 60000, moz:useNonSpecCompliantPointerOrigin: false, moz:webdriverClick: true, pageLoadStrategy: normal, platform: WINDOWS, platformName: WINDOWS, platformVersion: 10.0, proxy: Proxy(direct), rotatable: false, setWindowRect: true, strictFileInteractability: false, timeouts: {implicit: 0, pageLoad: 300000, script: 30000}, unhandledPromptBehavior: dismiss and notify}
Session ID: c7e4874d-a8e2-4353-b6cc-9f946f30ef22
	at org.openqa.selenium.remote.http.W3CHttpResponseCodec.createException(W3CHttpResponseCodec.java:187)
	at org.openqa.selenium.remote.http.W3CHttpResponseCodec.decode(W3CHttpResponseCodec.java:122)
	at org.openqa.selenium.remote.http.W3CHttpResponseCodec.decode(W3CHttpResponseCodec.java:49)
	at org.openqa.selenium.remote.HttpCommandExecutor.execute(HttpCommandExecutor.java:158)
	at org.openqa.selenium.remote.service.DriverCommandExecutor.execute(DriverCommandExecutor.java:83)
	at org.openqa.selenium.remote.RemoteWebDriver.execute(RemoteWebDriver.java:552)
	at com.kms.katalon.selenium.driver.CFirefoxDriver.execute(CFirefoxDriver.java:27)
	at org.openqa.selenium.remote.RemoteWebDriver.execute(RemoteWebDriver.java:609)
	at org.openqa.selenium.remote.RemoteWebDriver$RemoteTargetLocator.alert(RemoteWebDriver.java:932)
	at org.openqa.selenium.support.events.EventFiringWebDriver$EventFiringTargetLocator.alert(EventFiringWebDriver.java:735)
	at com.kms.katalon.core.webui.driver.DriverFactory.getAlert(DriverFactory.java:877)
	at com.kms.katalon.core.webui.driver.DriverFactory.waitForAlert(DriverFactory.java:898)
	at com.kms.katalon.core.webui.keyword.builtin.VerifyAlertPresentKeyword$_verifyAlertPresent_closure1.doCall(VerifyAlertPresentKeyword.groovy:74)
	at com.kms.katalon.core.webui.keyword.builtin.VerifyAlertPresentKeyword$_verifyAlertPresent_closure1.call(VerifyAlertPresentKeyword.groovy)
	at com.kms.katalon.core.webui.keyword.internal.WebUIKeywordMain.runKeyword(WebUIKeywordMain.groovy:20)
	at com.kms.katalon.core.webui.keyword.builtin.VerifyAlertPresentKeyword.verifyAlertPresent(VerifyAlertPresentKeyword.groovy:72)
	at com.kms.katalon.core.webui.keyword.builtin.VerifyAlertPresentKeyword.execute(VerifyAlertPresentKeyword.groovy:67)
	at com.kms.katalon.core.keyword.internal.KeywordExecutor.executeKeywordForPlatform(KeywordExecutor.groovy:72)
	at com.kms.katalon.core.webui.keyword.WebUiBuiltInKeywords.verifyAlertPresent(WebUiBuiltInKeywords.groovy:1631)
	at com.kms.katalon.core.webui.keyword.WebUiBuiltInKeywords$verifyAlertPresent$4.call(Unknown Source)
	at Script1588350220304.run(Script1588350220304.groovy:33)
	... 13 more
)
	at com.kms.katalon.core.keyword.internal.KeywordMain.stepFailed(KeywordMain.groovy:39)
	at com.kms.katalon.core.webui.keyword.internal.WebUIKeywordMain.stepFailed(WebUIKeywordMain.groovy:64)
	at com.kms.katalon.core.webui.keyword.internal.WebUIKeywordMain.runKeyword(WebUIKeywordMain.groovy:26)
	at com.kms.katalon.core.webui.keyword.builtin.VerifyAlertPresentKeyword.verifyAlertPresent(VerifyAlertPresentKeyword.groovy:72)
	at com.kms.katalon.core.webui.keyword.builtin.VerifyAlertPresentKeyword.execute(VerifyAlertPresentKeyword.groovy:67)
	at com.kms.katalon.core.keyword.internal.KeywordExecutor.executeKeywordForPlatform(KeywordExecutor.groovy:72)
	at com.kms.katalon.core.webui.keyword.WebUiBuiltInKeywords.verifyAlertPresent(WebUiBuiltInKeywords.groovy:1631)
	at com.kms.katalon.core.webui.keyword.WebUiBuiltInKeywords$verifyAlertPresent$4.call(Unknown Source)
	at L-10.run(L-10:33)
	at com.kms.katalon.core.main.ScriptEngine.run(ScriptEngine.java:194)
	at com.kms.katalon.core.main.ScriptEngine.runScriptAsRawText(ScriptEngine.java:119)
	at com.kms.katalon.core.main.TestCaseExecutor.runScript(TestCaseExecutor.java:337)
	at com.kms.katalon.core.main.TestCaseExecutor.doExecute(TestCaseExecutor.java:328)
	at com.kms.katalon.core.main.TestCaseExecutor.processExecutionPhase(TestCaseExecutor.java:307)
	at com.kms.katalon.core.main.TestCaseExecutor.accessMainPhase(TestCaseExecutor.java:299)
	at com.kms.katalon.core.main.TestCaseExecutor.execute(TestCaseExecutor.java:233)
	at com.kms.katalon.core.main.TestSuiteExecutor.accessTestCaseMainPhase(TestSuiteExecutor.java:169)
	at com.kms.katalon.core.main.TestSuiteExecutor.accessTestSuiteMainPhase(TestSuiteExecutor.java:142)
	at com.kms.katalon.core.main.TestSuiteExecutor.execute(TestSuiteExecutor.java:91)
	at com.kms.katalon.core.main.TestCaseMain.startTestSuite(TestCaseMain.java:157)
	at com.kms.katalon.core.main.TestCaseMain$startTestSuite$0.call(Unknown Source)
	at TempTestSuite1588362788509.run(TempTestSuite1588362788509.groovy:36)
Caused by: com.kms.katalon.core.exception.StepFailedException: Unable to verify alert present
	... 21 more
Caused by: org.openqa.selenium.WebDriverException: Failed to decode response from marionette
Build info: version: '3.141.59', revision: 'e82be7d358', time: '2018-11-14T08:25:53'
System info: host: 'LAPTOP-HT1PRHJP', ip: '192.168.1.160', os.name: 'Windows 10', os.arch: 'amd64', os.version: '10.0', java.version: '1.8.0_181'
Driver info: com.kms.katalon.core.webui.driver.firefox.CGeckoDriver
Capabilities {acceptInsecureCerts: true, browserName: firefox, browserVersion: 75.0, javascriptEnabled: true, moz:accessibilityChecks: false, moz:buildID: 20200403170909, moz:geckodriverVersion: 0.23.0, moz:headless: false, moz:processID: 12004, moz:profile: C:\Users\Cassiz\AppData\Loc..., moz:shutdownTimeout: 60000, moz:useNonSpecCompliantPointerOrigin: false, moz:webdriverClick: true, pageLoadStrategy: normal, platform: WINDOWS, platformName: WINDOWS, platformVersion: 10.0, proxy: Proxy(direct), rotatable: false, setWindowRect: true, strictFileInteractability: false, timeouts: {implicit: 0, pageLoad: 300000, script: 30000}, unhandledPromptBehavior: dismiss and notify}
Session ID: c7e4874d-a8e2-4353-b6cc-9f946f30ef22
	at org.openqa.selenium.remote.http.W3CHttpResponseCodec.createException(W3CHttpResponseCodec.java:187)
	at org.openqa.selenium.remote.http.W3CHttpResponseCodec.decode(W3CHttpResponseCodec.java:122)
	at org.openqa.selenium.remote.http.W3CHttpResponseCodec.decode(W3CHttpResponseCodec.java:49)
	at org.openqa.selenium.remote.HttpCommandExecutor.execute(HttpCommandExecutor.java:158)
	at org.openqa.selenium.remote.service.DriverCommandExecutor.execute(DriverCommandExecutor.java:83)
	at org.openqa.selenium.remote.RemoteWebDriver.execute(RemoteWebDriver.java:552)
	at com.kms.katalon.selenium.driver.CFirefoxDriver.execute(CFirefoxDriver.java:27)
	at org.openqa.selenium.remote.RemoteWebDriver.execute(RemoteWebDriver.java:609)
	at org.openqa.selenium.remote.RemoteWebDriver$RemoteTargetLocator.alert(RemoteWebDriver.java:932)
	at org.openqa.selenium.support.events.EventFiringWebDriver$EventFiringTargetLocator.alert(EventFiringWebDriver.java:735)
	at com.kms.katalon.core.webui.driver.DriverFactory.getAlert(DriverFactory.java:877)
	at com.kms.katalon.core.webui.driver.DriverFactory.waitForAlert(DriverFactory.java:898)
	at com.kms.katalon.core.webui.keyword.builtin.VerifyAlertPresentKeyword$_verifyAlertPresent_closure1.doCall(VerifyAlertPresentKeyword.groovy:74)
	at com.kms.katalon.core.webui.keyword.builtin.VerifyAlertPresentKeyword$_verifyAlertPresent_closure1.call(VerifyAlertPresentKeyword.groovy)
	at com.kms.katalon.core.webui.keyword.internal.WebUIKeywordMain.runKeyword(WebUIKeywordMain.groovy:20)
	... 19 more


2020-05-01 21:56:11 - [TEST_STEP][PASSED] - openBrowser(""): Browser is opened with url: ''

2020-05-01 21:56:11 - [MESSAGE][INFO] - Starting 'Firefox' driver

2020-05-01 21:56:19 - [MESSAGE][PASSED] - Browser is opened with url: ''

2020-05-01 21:56:19 - [TEST_STEP][PASSED] - navigateToUrl("http://kmg.hcm.pl/testowanie/"): Navigate to 'http://kmg.hcm.pl/testowanie/' successfully

2020-05-01 21:56:23 - [MESSAGE][PASSED] - Navigate to 'http://kmg.hcm.pl/testowanie/' successfully

2020-05-01 21:56:23 - [TEST_STEP][PASSED] - maximizeWindow(): Current window maximized

2020-05-01 21:56:23 - [MESSAGE][PASSED] - Current window maximized

2020-05-01 21:56:23 - [TEST_STEP][PASSED] - sendKeys(findTestObject("Nazwa użytkownika"), varLogin): Keys 'izA' sent to object: 'Object Repository/Nazwa użytkownika'

2020-05-01 21:56:24 - [MESSAGE][PASSED] - Keys 'izA' sent to object: 'Object Repository/Nazwa użytkownika'

2020-05-01 21:56:24 - [TEST_STEP][PASSED] - sendKeys(findTestObject("Hasło"), varPassword): Keys 'ilabunko' sent to object: 'Object Repository/Hasło'

2020-05-01 21:56:24 - [MESSAGE][PASSED] - Keys 'ilabunko' sent to object: 'Object Repository/Hasło'

2020-05-01 21:56:24 - [TEST_STEP][PASSED] - click(findTestObject("Button Login")): Object: 'Object Repository/Button Login' is clicked on

2020-05-01 21:56:25 - [MESSAGE][PASSED] - Object: 'Object Repository/Button Login' is clicked on

2020-05-01 21:56:25 - [TEST_STEP][FAILED] - verifyAlertPresent(0): Unable to verify alert present (Root cause: com.kms.katalon.core.exception.StepFailedException: Unable to verify alert present
	at com.kms.katalon.core.webui.keyword.internal.WebUIKeywordMain.stepFailed(WebUIKeywordMain.groovy:64)
	at com.kms.katalon.core.webui.keyword.internal.WebUIKeywordMain.runKeyword(WebUIKeywordMain.groovy:26)
	at com.kms.katalon.core.webui.keyword.builtin.VerifyAlertPresentKeyword.verifyAlertPresent(VerifyAlertPresentKeyword.groovy:72)
	at com.kms.katalon.core.webui.keyword.builtin.VerifyAlertPresentKeyword.execute(VerifyAlertPresentKeyword.groovy:67)
	at com.kms.katalon.core.keyword.internal.KeywordExecutor.executeKeywordForPlatform(KeywordExecutor.groovy:72)
	at com.kms.katalon.core.webui.keyword.WebUiBuiltInKeywords.verifyAlertPresent(WebUiBuiltInKeywords.groovy:1631)
	at com.kms.katalon.core.webui.keyword.WebUiBuiltInKeywords$verifyAlertPresent$4.call(Unknown Source)
	at L-10.run(L-10:33)
	at com.kms.katalon.core.main.ScriptEngine.run(ScriptEngine.java:194)
	at com.kms.katalon.core.main.ScriptEngine.runScriptAsRawText(ScriptEngine.java:119)
	at com.kms.katalon.core.main.TestCaseExecutor.runScript(TestCaseExecutor.java:337)
	at com.kms.katalon.core.main.TestCaseExecutor.doExecute(TestCaseExecutor.java:328)
	at com.kms.katalon.core.main.TestCaseExecutor.processExecutionPhase(TestCaseExecutor.java:307)
	at com.kms.katalon.core.main.TestCaseExecutor.accessMainPhase(TestCaseExecutor.java:299)
	at com.kms.katalon.core.main.TestCaseExecutor.execute(TestCaseExecutor.java:233)
	at com.kms.katalon.core.main.TestSuiteExecutor.accessTestCaseMainPhase(TestSuiteExecutor.java:169)
	at com.kms.katalon.core.main.TestSuiteExecutor.accessTestSuiteMainPhase(TestSuiteExecutor.java:142)
	at com.kms.katalon.core.main.TestSuiteExecutor.execute(TestSuiteExecutor.java:91)
	at com.kms.katalon.core.main.TestCaseMain.startTestSuite(TestCaseMain.java:157)
	at com.kms.katalon.core.main.TestCaseMain$startTestSuite$0.call(Unknown Source)
	at TempTestSuite1588362788509.run(TempTestSuite1588362788509.groovy:36)
Caused by: org.openqa.selenium.WebDriverException: Failed to decode response from marionette
Build info: version: '3.141.59', revision: 'e82be7d358', time: '2018-11-14T08:25:53'
System info: host: 'LAPTOP-HT1PRHJP', ip: '192.168.1.160', os.name: 'Windows 10', os.arch: 'amd64', os.version: '10.0', java.version: '1.8.0_181'
Driver info: com.kms.katalon.core.webui.driver.firefox.CGeckoDriver
Capabilities {acceptInsecureCerts: true, browserName: firefox, browserVersion: 75.0, javascriptEnabled: true, moz:accessibilityChecks: false, moz:buildID: 20200403170909, moz:geckodriverVersion: 0.23.0, moz:headless: false, moz:processID: 12004, moz:profile: C:\Users\Cassiz\AppData\Loc..., moz:shutdownTimeout: 60000, moz:useNonSpecCompliantPointerOrigin: false, moz:webdriverClick: true, pageLoadStrategy: normal, platform: WINDOWS, platformName: WINDOWS, platformVersion: 10.0, proxy: Proxy(direct), rotatable: false, setWindowRect: true, strictFileInteractability: false, timeouts: {implicit: 0, pageLoad: 300000, script: 30000}, unhandledPromptBehavior: dismiss and notify}
Session ID: c7e4874d-a8e2-4353-b6cc-9f946f30ef22
	at org.openqa.selenium.remote.http.W3CHttpResponseCodec.createException(W3CHttpResponseCodec.java:187)
	at org.openqa.selenium.remote.http.W3CHttpResponseCodec.decode(W3CHttpResponseCodec.java:122)
	at org.openqa.selenium.remote.http.W3CHttpResponseCodec.decode(W3CHttpResponseCodec.java:49)
	at org.openqa.selenium.remote.HttpCommandExecutor.execute(HttpCommandExecutor.java:158)
	at org.openqa.selenium.remote.service.DriverCommandExecutor.execute(DriverCommandExecutor.java:83)
	at org.openqa.selenium.remote.RemoteWebDriver.execute(RemoteWebDriver.java:552)
	at com.kms.katalon.selenium.driver.CFirefoxDriver.execute(CFirefoxDriver.java:27)
	at org.openqa.selenium.remote.RemoteWebDriver.execute(RemoteWebDriver.java:609)
	at org.openqa.selenium.remote.RemoteWebDriver$RemoteTargetLocator.alert(RemoteWebDriver.java:932)
	at org.openqa.selenium.support.events.EventFiringWebDriver$EventFiringTargetLocator.alert(EventFiringWebDriver.java:735)
	at com.kms.katalon.core.webui.driver.DriverFactory.getAlert(DriverFactory.java:877)
	at com.kms.katalon.core.webui.driver.DriverFactory.waitForAlert(DriverFactory.java:898)
	at com.kms.katalon.core.webui.keyword.builtin.VerifyAlertPresentKeyword$_verifyAlertPresent_closure1.doCall(VerifyAlertPresentKeyword.groovy:74)
	at com.kms.katalon.core.webui.keyword.builtin.VerifyAlertPresentKeyword$_verifyAlertPresent_closure1.call(VerifyAlertPresentKeyword.groovy)
	at com.kms.katalon.core.webui.keyword.internal.WebUIKeywordMain.runKeyword(WebUIKeywordMain.groovy:20)
	at com.kms.katalon.core.webui.keyword.builtin.VerifyAlertPresentKeyword.verifyAlertPresent(VerifyAlertPresentKeyword.groovy:72)
	at com.kms.katalon.core.webui.keyword.builtin.VerifyAlertPresentKeyword.execute(VerifyAlertPresentKeyword.groovy:67)
	at com.kms.katalon.core.keyword.internal.KeywordExecutor.executeKeywordForPlatform(KeywordExecutor.groovy:72)
	at com.kms.katalon.core.webui.keyword.WebUiBuiltInKeywords.verifyAlertPresent(WebUiBuiltInKeywords.groovy:1631)
	at com.kms.katalon.core.webui.keyword.WebUiBuiltInKeywords$verifyAlertPresent$4.call(Unknown Source)
	at Script1588350220304.run(Script1588350220304.groovy:33)
	... 13 more
)

2020-05-01 21:56:25 - [MESSAGE][WARNING] - Timeout '0' is invalid. Using default page load timeout: '30'

2020-05-01 21:56:41 - [MESSAGE][WARNING] - Cannot take screenshot

2020-05-01 21:56:41 - [MESSAGE][FAILED] - Unable to verify alert present (Root cause: com.kms.katalon.core.exception.StepFailedException: Unable to verify alert present
	at com.kms.katalon.core.webui.keyword.internal.WebUIKeywordMain.stepFailed(WebUIKeywordMain.groovy:64)
	at com.kms.katalon.core.webui.keyword.internal.WebUIKeywordMain.runKeyword(WebUIKeywordMain.groovy:26)
	at com.kms.katalon.core.webui.keyword.builtin.VerifyAlertPresentKeyword.verifyAlertPresent(VerifyAlertPresentKeyword.groovy:72)
	at com.kms.katalon.core.webui.keyword.builtin.VerifyAlertPresentKeyword.execute(VerifyAlertPresentKeyword.groovy:67)
	at com.kms.katalon.core.keyword.internal.KeywordExecutor.executeKeywordForPlatform(KeywordExecutor.groovy:72)
	at com.kms.katalon.core.webui.keyword.WebUiBuiltInKeywords.verifyAlertPresent(WebUiBuiltInKeywords.groovy:1631)
	at com.kms.katalon.core.webui.keyword.WebUiBuiltInKeywords$verifyAlertPresent$4.call(Unknown Source)
	at L-10.run(L-10:33)
	at com.kms.katalon.core.main.ScriptEngine.run(ScriptEngine.java:194)
	at com.kms.katalon.core.main.ScriptEngine.runScriptAsRawText(ScriptEngine.java:119)
	at com.kms.katalon.core.main.TestCaseExecutor.runScript(TestCaseExecutor.java:337)
	at com.kms.katalon.core.main.TestCaseExecutor.doExecute(TestCaseExecutor.java:328)
	at com.kms.katalon.core.main.TestCaseExecutor.processExecutionPhase(TestCaseExecutor.java:307)
	at com.kms.katalon.core.main.TestCaseExecutor.accessMainPhase(TestCaseExecutor.java:299)
	at com.kms.katalon.core.main.TestCaseExecutor.execute(TestCaseExecutor.java:233)
	at com.kms.katalon.core.main.TestSuiteExecutor.accessTestCaseMainPhase(TestSuiteExecutor.java:169)
	at com.kms.katalon.core.main.TestSuiteExecutor.accessTestSuiteMainPhase(TestSuiteExecutor.java:142)
	at com.kms.katalon.core.main.TestSuiteExecutor.execute(TestSuiteExecutor.java:91)
	at com.kms.katalon.core.main.TestCaseMain.startTestSuite(TestCaseMain.java:157)
	at com.kms.katalon.core.main.TestCaseMain$startTestSuite$0.call(Unknown Source)
	at TempTestSuite1588362788509.run(TempTestSuite1588362788509.groovy:36)
Caused by: org.openqa.selenium.WebDriverException: Failed to decode response from marionette
Build info: version: '3.141.59', revision: 'e82be7d358', time: '2018-11-14T08:25:53'
System info: host: 'LAPTOP-HT1PRHJP', ip: '192.168.1.160', os.name: 'Windows 10', os.arch: 'amd64', os.version: '10.0', java.version: '1.8.0_181'
Driver info: com.kms.katalon.core.webui.driver.firefox.CGeckoDriver
Capabilities {acceptInsecureCerts: true, browserName: firefox, browserVersion: 75.0, javascriptEnabled: true, moz:accessibilityChecks: false, moz:buildID: 20200403170909, moz:geckodriverVersion: 0.23.0, moz:headless: false, moz:processID: 12004, moz:profile: C:\Users\Cassiz\AppData\Loc..., moz:shutdownTimeout: 60000, moz:useNonSpecCompliantPointerOrigin: false, moz:webdriverClick: true, pageLoadStrategy: normal, platform: WINDOWS, platformName: WINDOWS, platformVersion: 10.0, proxy: Proxy(direct), rotatable: false, setWindowRect: true, strictFileInteractability: false, timeouts: {implicit: 0, pageLoad: 300000, script: 30000}, unhandledPromptBehavior: dismiss and notify}
Session ID: c7e4874d-a8e2-4353-b6cc-9f946f30ef22
	at org.openqa.selenium.remote.http.W3CHttpResponseCodec.createException(W3CHttpResponseCodec.java:187)
	at org.openqa.selenium.remote.http.W3CHttpResponseCodec.decode(W3CHttpResponseCodec.java:122)
	at org.openqa.selenium.remote.http.W3CHttpResponseCodec.decode(W3CHttpResponseCodec.java:49)
	at org.openqa.selenium.remote.HttpCommandExecutor.execute(HttpCommandExecutor.java:158)
	at org.openqa.selenium.remote.service.DriverCommandExecutor.execute(DriverCommandExecutor.java:83)
	at org.openqa.selenium.remote.RemoteWebDriver.execute(RemoteWebDriver.java:552)
	at com.kms.katalon.selenium.driver.CFirefoxDriver.execute(CFirefoxDriver.java:27)
	at org.openqa.selenium.remote.RemoteWebDriver.execute(RemoteWebDriver.java:609)
	at org.openqa.selenium.remote.RemoteWebDriver$RemoteTargetLocator.alert(RemoteWebDriver.java:932)
	at org.openqa.selenium.support.events.EventFiringWebDriver$EventFiringTargetLocator.alert(EventFiringWebDriver.java:735)
	at com.kms.katalon.core.webui.driver.DriverFactory.getAlert(DriverFactory.java:877)
	at com.kms.katalon.core.webui.driver.DriverFactory.waitForAlert(DriverFactory.java:898)
	at com.kms.katalon.core.webui.keyword.builtin.VerifyAlertPresentKeyword$_verifyAlertPresent_closure1.doCall(VerifyAlertPresentKeyword.groovy:74)
	at com.kms.katalon.core.webui.keyword.builtin.VerifyAlertPresentKeyword$_verifyAlertPresent_closure1.call(VerifyAlertPresentKeyword.groovy)
	at com.kms.katalon.core.webui.keyword.internal.WebUIKeywordMain.runKeyword(WebUIKeywordMain.groovy:20)
	at com.kms.katalon.core.webui.keyword.builtin.VerifyAlertPresentKeyword.verifyAlertPresent(VerifyAlertPresentKeyword.groovy:72)
	at com.kms.katalon.core.webui.keyword.builtin.VerifyAlertPresentKeyword.execute(VerifyAlertPresentKeyword.groovy:67)
	at com.kms.katalon.core.keyword.internal.KeywordExecutor.executeKeywordForPlatform(KeywordExecutor.groovy:72)
	at com.kms.katalon.core.webui.keyword.WebUiBuiltInKeywords.verifyAlertPresent(WebUiBuiltInKeywords.groovy:1631)
	at com.kms.katalon.core.webui.keyword.WebUiBuiltInKeywords$verifyAlertPresent$4.call(Unknown Source)
	at Script1588350220304.run(Script1588350220304.groovy:33)
	... 13 more
)

2020-05-01 21:56:41 - [TEST_STEP][FAILED] - verifyElementVisible(findTestObject("Text Link Zajestruj konto")): Unable to verify object 'Object Repository/Text Link Zajestruj konto' is visible (Root cause: com.kms.katalon.core.exception.StepFailedException: Unable to verify object 'Object Repository/Text Link Zajestruj konto' is visible
	at com.kms.katalon.core.webui.keyword.internal.WebUIKeywordMain.stepFailed(WebUIKeywordMain.groovy:64)
	at com.kms.katalon.core.webui.keyword.internal.WebUIKeywordMain.runKeyword(WebUIKeywordMain.groovy:26)
	at com.kms.katalon.core.webui.keyword.builtin.VerifyElementVisibleKeyword.verifyElementVisible(VerifyElementVisibleKeyword.groovy:97)
	at com.kms.katalon.core.webui.keyword.builtin.VerifyElementVisibleKeyword.execute(VerifyElementVisibleKeyword.groovy:67)
	at com.kms.katalon.core.keyword.internal.KeywordExecutor.executeKeywordForPlatform(KeywordExecutor.groovy:72)
	at com.kms.katalon.core.webui.keyword.WebUiBuiltInKeywords.verifyElementVisible(WebUiBuiltInKeywords.groovy:372)
	at com.kms.katalon.core.webui.keyword.WebUiBuiltInKeywords$verifyElementVisible$6.call(Unknown Source)
	at L-10.run(L-10:35)
	at com.kms.katalon.core.main.ScriptEngine.run(ScriptEngine.java:194)
	at com.kms.katalon.core.main.ScriptEngine.runScriptAsRawText(ScriptEngine.java:119)
	at com.kms.katalon.core.main.TestCaseExecutor.runScript(TestCaseExecutor.java:337)
	at com.kms.katalon.core.main.TestCaseExecutor.doExecute(TestCaseExecutor.java:328)
	at com.kms.katalon.core.main.TestCaseExecutor.processExecutionPhase(TestCaseExecutor.java:307)
	at com.kms.katalon.core.main.TestCaseExecutor.accessMainPhase(TestCaseExecutor.java:299)
	at com.kms.katalon.core.main.TestCaseExecutor.execute(TestCaseExecutor.java:233)
	at com.kms.katalon.core.main.TestSuiteExecutor.accessTestCaseMainPhase(TestSuiteExecutor.java:169)
	at com.kms.katalon.core.main.TestSuiteExecutor.accessTestSuiteMainPhase(TestSuiteExecutor.java:142)
	at com.kms.katalon.core.main.TestSuiteExecutor.execute(TestSuiteExecutor.java:91)
	at com.kms.katalon.core.main.TestCaseMain.startTestSuite(TestCaseMain.java:157)
	at com.kms.katalon.core.main.TestCaseMain$startTestSuite$0.call(Unknown Source)
	at TempTestSuite1588362788509.run(TempTestSuite1588362788509.groovy:36)
Caused by: org.openqa.selenium.NoSuchSessionException: Tried to run command without establishing a connection
Build info: version: '3.141.59', revision: 'e82be7d358', time: '2018-11-14T08:25:53'
System info: host: 'LAPTOP-HT1PRHJP', ip: '192.168.1.160', os.name: 'Windows 10', os.arch: 'amd64', os.version: '10.0', java.version: '1.8.0_181'
Driver info: com.kms.katalon.core.webui.driver.firefox.CGeckoDriver
Capabilities {acceptInsecureCerts: true, browserName: firefox, browserVersion: 75.0, javascriptEnabled: true, moz:accessibilityChecks: false, moz:buildID: 20200403170909, moz:geckodriverVersion: 0.23.0, moz:headless: false, moz:processID: 12004, moz:profile: C:\Users\Cassiz\AppData\Loc..., moz:shutdownTimeout: 60000, moz:useNonSpecCompliantPointerOrigin: false, moz:webdriverClick: true, pageLoadStrategy: normal, platform: WINDOWS, platformName: WINDOWS, platformVersion: 10.0, proxy: Proxy(direct), rotatable: false, setWindowRect: true, strictFileInteractability: false, timeouts: {implicit: 0, pageLoad: 300000, script: 30000}, unhandledPromptBehavior: dismiss and notify}
Session ID: c7e4874d-a8e2-4353-b6cc-9f946f30ef22
*** Element info: {Using=xpath, value=/html/body/div[1]/div[2]/p/a}
	at org.openqa.selenium.remote.http.W3CHttpResponseCodec.createException(W3CHttpResponseCodec.java:187)
	at org.openqa.selenium.remote.http.W3CHttpResponseCodec.decode(W3CHttpResponseCodec.java:122)
	at org.openqa.selenium.remote.http.W3CHttpResponseCodec.decode(W3CHttpResponseCodec.java:49)
	at org.openqa.selenium.remote.HttpCommandExecutor.execute(HttpCommandExecutor.java:158)
	at org.openqa.selenium.remote.service.DriverCommandExecutor.execute(DriverCommandExecutor.java:83)
	at org.openqa.selenium.remote.RemoteWebDriver.execute(RemoteWebDriver.java:552)
	at com.kms.katalon.selenium.driver.CFirefoxDriver.execute(CFirefoxDriver.java:27)
	at org.openqa.selenium.remote.RemoteWebDriver.findElements(RemoteWebDriver.java:353)
	at org.openqa.selenium.remote.RemoteWebDriver.findElementsByXPath(RemoteWebDriver.java:432)
	at org.openqa.selenium.By$ByXPath.findElements(By.java:348)
	at org.openqa.selenium.remote.RemoteWebDriver.findElements(RemoteWebDriver.java:311)
	at org.openqa.selenium.support.events.EventFiringWebDriver.lambda$new$1(EventFiringWebDriver.java:105)
	at com.sun.proxy.$Proxy8.findElements(Unknown Source)
	at org.openqa.selenium.support.events.EventFiringWebDriver.findElements(EventFiringWebDriver.java:182)
	at com.kms.katalon.core.webui.common.WebUiCommonHelper.findWebElements(WebUiCommonHelper.java:789)
	at com.kms.katalon.core.webui.common.WebUiCommonHelper.findWebElement(WebUiCommonHelper.java:1150)
	at com.kms.katalon.core.webui.keyword.internal.WebUIAbstractKeyword.findWebElement(WebUIAbstractKeyword.groovy:27)
	at com.kms.katalon.core.webui.keyword.builtin.VerifyElementVisibleKeyword$_verifyElementVisible_closure1.doCall(VerifyElementVisibleKeyword.groovy:78)
	at com.kms.katalon.core.webui.keyword.builtin.VerifyElementVisibleKeyword$_verifyElementVisible_closure1.call(VerifyElementVisibleKeyword.groovy)
	at com.kms.katalon.core.webui.keyword.internal.WebUIKeywordMain.runKeyword(WebUIKeywordMain.groovy:20)
	at com.kms.katalon.core.webui.keyword.builtin.VerifyElementVisibleKeyword.verifyElementVisible(VerifyElementVisibleKeyword.groovy:97)
	at com.kms.katalon.core.webui.keyword.builtin.VerifyElementVisibleKeyword.execute(VerifyElementVisibleKeyword.groovy:67)
	at com.kms.katalon.core.keyword.internal.KeywordExecutor.executeKeywordForPlatform(KeywordExecutor.groovy:72)
	at com.kms.katalon.core.webui.keyword.WebUiBuiltInKeywords.verifyElementVisible(WebUiBuiltInKeywords.groovy:372)
	at com.kms.katalon.core.webui.keyword.WebUiBuiltInKeywords$verifyElementVisible$6.call(Unknown Source)
	at Script1588350220304.run(Script1588350220304.groovy:35)
	... 13 more
)

2020-05-01 21:56:41 - [MESSAGE][WARNING] - Cannot take screenshot

2020-05-01 21:56:41 - [MESSAGE][FAILED] - Unable to verify object 'Object Repository/Text Link Zajestruj konto' is visible (Root cause: com.kms.katalon.core.exception.StepFailedException: Unable to verify object 'Object Repository/Text Link Zajestruj konto' is visible
	at com.kms.katalon.core.webui.keyword.internal.WebUIKeywordMain.stepFailed(WebUIKeywordMain.groovy:64)
	at com.kms.katalon.core.webui.keyword.internal.WebUIKeywordMain.runKeyword(WebUIKeywordMain.groovy:26)
	at com.kms.katalon.core.webui.keyword.builtin.VerifyElementVisibleKeyword.verifyElementVisible(VerifyElementVisibleKeyword.groovy:97)
	at com.kms.katalon.core.webui.keyword.builtin.VerifyElementVisibleKeyword.execute(VerifyElementVisibleKeyword.groovy:67)
	at com.kms.katalon.core.keyword.internal.KeywordExecutor.executeKeywordForPlatform(KeywordExecutor.groovy:72)
	at com.kms.katalon.core.webui.keyword.WebUiBuiltInKeywords.verifyElementVisible(WebUiBuiltInKeywords.groovy:372)
	at com.kms.katalon.core.webui.keyword.WebUiBuiltInKeywords$verifyElementVisible$6.call(Unknown Source)
	at L-10.run(L-10:35)
	at com.kms.katalon.core.main.ScriptEngine.run(ScriptEngine.java:194)
	at com.kms.katalon.core.main.ScriptEngine.runScriptAsRawText(ScriptEngine.java:119)
	at com.kms.katalon.core.main.TestCaseExecutor.runScript(TestCaseExecutor.java:337)
	at com.kms.katalon.core.main.TestCaseExecutor.doExecute(TestCaseExecutor.java:328)
	at com.kms.katalon.core.main.TestCaseExecutor.processExecutionPhase(TestCaseExecutor.java:307)
	at com.kms.katalon.core.main.TestCaseExecutor.accessMainPhase(TestCaseExecutor.java:299)
	at com.kms.katalon.core.main.TestCaseExecutor.execute(TestCaseExecutor.java:233)
	at com.kms.katalon.core.main.TestSuiteExecutor.accessTestCaseMainPhase(TestSuiteExecutor.java:169)
	at com.kms.katalon.core.main.TestSuiteExecutor.accessTestSuiteMainPhase(TestSuiteExecutor.java:142)
	at com.kms.katalon.core.main.TestSuiteExecutor.execute(TestSuiteExecutor.java:91)
	at com.kms.katalon.core.main.TestCaseMain.startTestSuite(TestCaseMain.java:157)
	at com.kms.katalon.core.main.TestCaseMain$startTestSuite$0.call(Unknown Source)
	at TempTestSuite1588362788509.run(TempTestSuite1588362788509.groovy:36)
Caused by: org.openqa.selenium.NoSuchSessionException: Tried to run command without establishing a connection
Build info: version: '3.141.59', revision: 'e82be7d358', time: '2018-11-14T08:25:53'
System info: host: 'LAPTOP-HT1PRHJP', ip: '192.168.1.160', os.name: 'Windows 10', os.arch: 'amd64', os.version: '10.0', java.version: '1.8.0_181'
Driver info: com.kms.katalon.core.webui.driver.firefox.CGeckoDriver
Capabilities {acceptInsecureCerts: true, browserName: firefox, browserVersion: 75.0, javascriptEnabled: true, moz:accessibilityChecks: false, moz:buildID: 20200403170909, moz:geckodriverVersion: 0.23.0, moz:headless: false, moz:processID: 12004, moz:profile: C:\Users\Cassiz\AppData\Loc..., moz:shutdownTimeout: 60000, moz:useNonSpecCompliantPointerOrigin: false, moz:webdriverClick: true, pageLoadStrategy: normal, platform: WINDOWS, platformName: WINDOWS, platformVersion: 10.0, proxy: Proxy(direct), rotatable: false, setWindowRect: true, strictFileInteractability: false, timeouts: {implicit: 0, pageLoad: 300000, script: 30000}, unhandledPromptBehavior: dismiss and notify}
Session ID: c7e4874d-a8e2-4353-b6cc-9f946f30ef22
*** Element info: {Using=xpath, value=/html/body/div[1]/div[2]/p/a}
	at org.openqa.selenium.remote.http.W3CHttpResponseCodec.createException(W3CHttpResponseCodec.java:187)
	at org.openqa.selenium.remote.http.W3CHttpResponseCodec.decode(W3CHttpResponseCodec.java:122)
	at org.openqa.selenium.remote.http.W3CHttpResponseCodec.decode(W3CHttpResponseCodec.java:49)
	at org.openqa.selenium.remote.HttpCommandExecutor.execute(HttpCommandExecutor.java:158)
	at org.openqa.selenium.remote.service.DriverCommandExecutor.execute(DriverCommandExecutor.java:83)
	at org.openqa.selenium.remote.RemoteWebDriver.execute(RemoteWebDriver.java:552)
	at com.kms.katalon.selenium.driver.CFirefoxDriver.execute(CFirefoxDriver.java:27)
	at org.openqa.selenium.remote.RemoteWebDriver.findElements(RemoteWebDriver.java:353)
	at org.openqa.selenium.remote.RemoteWebDriver.findElementsByXPath(RemoteWebDriver.java:432)
	at org.openqa.selenium.By$ByXPath.findElements(By.java:348)
	at org.openqa.selenium.remote.RemoteWebDriver.findElements(RemoteWebDriver.java:311)
	at org.openqa.selenium.support.events.EventFiringWebDriver.lambda$new$1(EventFiringWebDriver.java:105)
	at com.sun.proxy.$Proxy8.findElements(Unknown Source)
	at org.openqa.selenium.support.events.EventFiringWebDriver.findElements(EventFiringWebDriver.java:182)
	at com.kms.katalon.core.webui.common.WebUiCommonHelper.findWebElements(WebUiCommonHelper.java:789)
	at com.kms.katalon.core.webui.common.WebUiCommonHelper.findWebElement(WebUiCommonHelper.java:1150)
	at com.kms.katalon.core.webui.keyword.internal.WebUIAbstractKeyword.findWebElement(WebUIAbstractKeyword.groovy:27)
	at com.kms.katalon.core.webui.keyword.builtin.VerifyElementVisibleKeyword$_verifyElementVisible_closure1.doCall(VerifyElementVisibleKeyword.groovy:78)
	at com.kms.katalon.core.webui.keyword.builtin.VerifyElementVisibleKeyword$_verifyElementVisible_closure1.call(VerifyElementVisibleKeyword.groovy)
	at com.kms.katalon.core.webui.keyword.internal.WebUIKeywordMain.runKeyword(WebUIKeywordMain.groovy:20)
	at com.kms.katalon.core.webui.keyword.builtin.VerifyElementVisibleKeyword.verifyElementVisible(VerifyElementVisibleKeyword.groovy:97)
	at com.kms.katalon.core.webui.keyword.builtin.VerifyElementVisibleKeyword.execute(VerifyElementVisibleKeyword.groovy:67)
	at com.kms.katalon.core.keyword.internal.KeywordExecutor.executeKeywordForPlatform(KeywordExecutor.groovy:72)
	at com.kms.katalon.core.webui.keyword.WebUiBuiltInKeywords.verifyElementVisible(WebUiBuiltInKeywords.groovy:372)
	at com.kms.katalon.core.webui.keyword.WebUiBuiltInKeywords$verifyElementVisible$6.call(Unknown Source)
	at Script1588350220304.run(Script1588350220304.groovy:35)
	... 13 more
)

2020-05-01 21:56:41 - [TEST_STEP][FAILED] - closeBrowser(): Unable to close browser (Root cause: com.kms.katalon.core.exception.StepFailedException: Unable to close browser
	at com.kms.katalon.core.webui.keyword.internal.WebUIKeywordMain.stepFailed(WebUIKeywordMain.groovy:64)
	at com.kms.katalon.core.webui.keyword.internal.WebUIKeywordMain.runKeyword(WebUIKeywordMain.groovy:26)
	at com.kms.katalon.core.webui.keyword.builtin.CloseBrowserKeyword.closeBrowser(CloseBrowserKeyword.groovy:71)
	at com.kms.katalon.core.webui.keyword.builtin.CloseBrowserKeyword.execute(CloseBrowserKeyword.groovy:66)
	at com.kms.katalon.core.keyword.internal.KeywordExecutor.executeKeywordForPlatform(KeywordExecutor.groovy:72)
	at com.kms.katalon.core.webui.keyword.WebUiBuiltInKeywords.closeBrowser(WebUiBuiltInKeywords.groovy:81)
	at com.kms.katalon.core.webui.keyword.WebUiBuiltInKeywords$closeBrowser$7.call(Unknown Source)
	at L-10.run(L-10:37)
	at com.kms.katalon.core.main.ScriptEngine.run(ScriptEngine.java:194)
	at com.kms.katalon.core.main.ScriptEngine.runScriptAsRawText(ScriptEngine.java:119)
	at com.kms.katalon.core.main.TestCaseExecutor.runScript(TestCaseExecutor.java:337)
	at com.kms.katalon.core.main.TestCaseExecutor.doExecute(TestCaseExecutor.java:328)
	at com.kms.katalon.core.main.TestCaseExecutor.processExecutionPhase(TestCaseExecutor.java:307)
	at com.kms.katalon.core.main.TestCaseExecutor.accessMainPhase(TestCaseExecutor.java:299)
	at com.kms.katalon.core.main.TestCaseExecutor.execute(TestCaseExecutor.java:233)
	at com.kms.katalon.core.main.TestSuiteExecutor.accessTestCaseMainPhase(TestSuiteExecutor.java:169)
	at com.kms.katalon.core.main.TestSuiteExecutor.accessTestSuiteMainPhase(TestSuiteExecutor.java:142)
	at com.kms.katalon.core.main.TestSuiteExecutor.execute(TestSuiteExecutor.java:91)
	at com.kms.katalon.core.main.TestCaseMain.startTestSuite(TestCaseMain.java:157)
	at com.kms.katalon.core.main.TestCaseMain$startTestSuite$0.call(Unknown Source)
	at TempTestSuite1588362788509.run(TempTestSuite1588362788509.groovy:36)
Caused by: org.openqa.selenium.NoSuchSessionException: Tried to run command without establishing a connection
Build info: version: '3.141.59', revision: 'e82be7d358', time: '2018-11-14T08:25:53'
System info: host: 'LAPTOP-HT1PRHJP', ip: '192.168.1.160', os.name: 'Windows 10', os.arch: 'amd64', os.version: '10.0', java.version: '1.8.0_181'
Driver info: com.kms.katalon.core.webui.driver.firefox.CGeckoDriver
Capabilities {acceptInsecureCerts: true, browserName: firefox, browserVersion: 75.0, javascriptEnabled: true, moz:accessibilityChecks: false, moz:buildID: 20200403170909, moz:geckodriverVersion: 0.23.0, moz:headless: false, moz:processID: 12004, moz:profile: C:\Users\Cassiz\AppData\Loc..., moz:shutdownTimeout: 60000, moz:useNonSpecCompliantPointerOrigin: false, moz:webdriverClick: true, pageLoadStrategy: normal, platform: WINDOWS, platformName: WINDOWS, platformVersion: 10.0, proxy: Proxy(direct), rotatable: false, setWindowRect: true, strictFileInteractability: false, timeouts: {implicit: 0, pageLoad: 300000, script: 30000}, unhandledPromptBehavior: dismiss and notify}
Session ID: c7e4874d-a8e2-4353-b6cc-9f946f30ef22
	at org.openqa.selenium.remote.http.W3CHttpResponseCodec.createException(W3CHttpResponseCodec.java:187)
	at org.openqa.selenium.remote.http.W3CHttpResponseCodec.decode(W3CHttpResponseCodec.java:122)
	at org.openqa.selenium.remote.http.W3CHttpResponseCodec.decode(W3CHttpResponseCodec.java:49)
	at org.openqa.selenium.remote.HttpCommandExecutor.execute(HttpCommandExecutor.java:158)
	at org.openqa.selenium.remote.service.DriverCommandExecutor.execute(DriverCommandExecutor.java:83)
	at org.openqa.selenium.remote.RemoteWebDriver.execute(RemoteWebDriver.java:552)
	at com.kms.katalon.selenium.driver.CFirefoxDriver.execute(CFirefoxDriver.java:27)
	at org.openqa.selenium.remote.RemoteWebDriver.execute(RemoteWebDriver.java:609)
	at org.openqa.selenium.remote.RemoteWebDriver.quit(RemoteWebDriver.java:452)
	at org.openqa.selenium.support.events.EventFiringWebDriver.lambda$new$1(EventFiringWebDriver.java:105)
	at com.sun.proxy.$Proxy8.quit(Unknown Source)
	at org.openqa.selenium.support.events.EventFiringWebDriver.quit(EventFiringWebDriver.java:211)
	at com.kms.katalon.core.webui.driver.DriverFactory.closeWebDriver(DriverFactory.java:1291)
	at com.kms.katalon.core.webui.keyword.builtin.CloseBrowserKeyword$_closeBrowser_closure1.doCall(CloseBrowserKeyword.groovy:73)
	at com.kms.katalon.core.webui.keyword.builtin.CloseBrowserKeyword$_closeBrowser_closure1.call(CloseBrowserKeyword.groovy)
	at com.kms.katalon.core.webui.keyword.internal.WebUIKeywordMain.runKeyword(WebUIKeywordMain.groovy:20)
	at com.kms.katalon.core.webui.keyword.builtin.CloseBrowserKeyword.closeBrowser(CloseBrowserKeyword.groovy:71)
	at com.kms.katalon.core.webui.keyword.builtin.CloseBrowserKeyword.execute(CloseBrowserKeyword.groovy:66)
	at com.kms.katalon.core.keyword.internal.KeywordExecutor.executeKeywordForPlatform(KeywordExecutor.groovy:72)
	at com.kms.katalon.core.webui.keyword.WebUiBuiltInKeywords.closeBrowser(WebUiBuiltInKeywords.groovy:81)
	at com.kms.katalon.core.webui.keyword.WebUiBuiltInKeywords$closeBrowser$7.call(Unknown Source)
	at Script1588350220304.run(Script1588350220304.groovy:37)
	... 13 more
)

[...]
	at com.kms.katalon.core.webui.keyword.builtin.VerifyAlertPresentKeyword.execute(VerifyAlertPresentKeyword.groovy:67)
	at com.kms.katalon.core.keyword.internal.KeywordExecutor.executeKeywordForPlatform(KeywordExecutor.groovy:72)
	at com.kms.katalon.core.webui.keyword.WebUiBuiltInKeywords.verifyAlertPresent(WebUiBuiltInKeywords.groovy:1631)
	at com.kms.katalon.core.webui.keyword.WebUiBuiltInKeywords$verifyAlertPresent$4.call(Unknown Source)
	at L-10.run(L-10:33)
	at com.kms.katalon.core.main.ScriptEngine.run(ScriptEngine.java:194)
	at com.kms.katalon.core.main.ScriptEngine.runScriptAsRawText(ScriptEngine.java:119)
	at com.kms.katalon.core.main.TestCaseExecutor.runScript(TestCaseExecutor.java:337)
	at com.kms.katalon.core.main.TestCaseExecutor.doExecute(TestCaseExecutor.java:328)
	at com.kms.katalon.core.main.TestCaseExecutor.processExecutionPhase(TestCaseExecutor.java:307)
	at com.kms.katalon.core.main.TestCaseExecutor.accessMainPhase(TestCaseExecutor.java:299)
	at com.kms.katalon.core.main.TestCaseExecutor.execute(TestCaseExecutor.java:233)
	at com.kms.katalon.core.main.TestSuiteExecutor.accessTestCaseMainPhase(TestSuiteExecutor.java:169)
	at com.kms.katalon.core.main.TestSuiteExecutor.accessTestSuiteMainPhase(TestSuiteExecutor.java:142)
	at com.kms.katalon.core.main.TestSuiteExecutor.execute(TestSuiteExecutor.java:91)
	at com.kms.katalon.core.main.TestCaseMain.startTestSuite(TestCaseMain.java:157)
	at com.kms.katalon.core.main.TestCaseMain$startTestSuite$0.call(Unknown Source)
	at TempTestSuite1588362788509.run(TempTestSuite1588362788509.groovy:36)
Caused by: org.openqa.selenium.WebDriverException: Failed to decode response from marionette
Build info: version: '3.141.59', revision: 'e82be7d358', time: '2018-11-14T08:25:53'
System info: host: 'LAPTOP-HT1PRHJP', ip: '192.168.1.160', os.name: 'Windows 10', os.arch: 'amd64', os.version: '10.0', java.version: '1.8.0_181'
Driver info: com.kms.katalon.core.webui.driver.firefox.CGeckoDriver
Capabilities {acceptInsecureCerts: true, browserName: firefox, browserVersion: 75.0, javascriptEnabled: true, moz:accessibilityChecks: false, moz:buildID: 20200403170909, moz:geckodriverVersion: 0.23.0, moz:headless: false, moz:processID: 12004, moz:profile: C:\Users\Cassiz\AppData\Loc..., moz:shutdownTimeout: 60000, moz:useNonSpecCompliantPointerOrigin: false, moz:webdriverClick: true, pageLoadStrategy: normal, platform: WINDOWS, platformName: WINDOWS, platformVersion: 10.0, proxy: Proxy(direct), rotatable: false, setWindowRect: true, strictFileInteractability: false, timeouts: {implicit: 0, pageLoad: 300000, script: 30000}, unhandledPromptBehavior: dismiss and notify}
Session ID: c7e4874d-a8e2-4353-b6cc-9f946f30ef22
	at org.openqa.selenium.remote.http.W3CHttpResponseCodec.createException(W3CHttpResponseCodec.java:187)
	at org.openqa.selenium.remote.http.W3CHttpResponseCodec.decode(W3CHttpResponseCodec.java:122)
	at org.openqa.selenium.remote.http.W3CHttpResponseCodec.decode(W3CHttpResponseCodec.java:49)
	at org.openqa.selenium.remote.HttpCommandExecutor.execute(HttpCommandExecutor.java:158)
	at org.openqa.selenium.remote.service.DriverCommandExecutor.execute(DriverCommandExecutor.java:83)
	at org.openqa.selenium.remote.RemoteWebDriver.execute(RemoteWebDriver.java:552)
	at com.kms.katalon.selenium.driver.CFirefoxDriver.execute(CFirefoxDriver.java:27)
	at org.openqa.selenium.remote.RemoteWebDriver.execute(RemoteWebDriver.java:609)
	at org.openqa.selenium.remote.RemoteWebDriver$RemoteTargetLocator.alert(RemoteWebDriver.java:932)
	at org.openqa.selenium.support.events.EventFiringWebDriver$EventFiringTargetLocator.alert(EventFiringWebDriver.java:735)
	at com.kms.katalon.core.webui.driver.DriverFactory.getAlert(DriverFactory.java:877)
	at com.kms.katalon.core.webui.driver.DriverFactory.waitForAlert(DriverFactory.java:898)
	at com.kms.katalon.core.webui.keyword.builtin.VerifyAlertPresentKeyword$_verifyAlertPresent_closure1.doCall(VerifyAlertPresentKeyword.groovy:74)
	at com.kms.katalon.core.webui.keyword.builtin.VerifyAlertPresentKeyword$_verifyAlertPresent_closure1.call(VerifyAlertPresentKeyword.groovy)
	at com.kms.katalon.core.webui.keyword.internal.WebUIKeywordMain.runKeyword(WebUIKeywordMain.groovy:20)
	at com.kms.katalon.core.webui.keyword.builtin.VerifyAlertPresentKeyword.verifyAlertPresent(VerifyAlertPresentKeyword.groovy:72)
	at com.kms.katalon.core.webui.keyword.builtin.VerifyAlertPresentKeyword.execute(VerifyAlertPresentKeyword.groovy:67)
	at com.kms.katalon.core.keyword.internal.KeywordExecutor.executeKeywordForPlatform(KeywordExecutor.groovy:72)
	at com.kms.katalon.core.webui.keyword.WebUiBuiltInKeywords.verifyAlertPresent(WebUiBuiltInKeywords.groovy:1631)
	at com.kms.katalon.core.webui.keyword.WebUiBuiltInKeywords$verifyAlertPresent$4.call(Unknown Source)
	at Script1588350220304.run(Script1588350220304.groovy:33)
	... 13 more
)
	at com.kms.katalon.core.keyword.internal.KeywordMain.stepFailed(KeywordMain.groovy:39)
	at com.kms.katalon.core.webui.keyword.internal.WebUIKeywordMain.stepFailed(WebUIKeywordMain.groovy:64)
	at com.kms.katalon.core.webui.keyword.internal.WebUIKeywordMain.runKeyword(WebUIKeywordMain.groovy:26)
	at com.kms.katalon.core.webui.keyword.builtin.VerifyAlertPresentKeyword.verifyAlertPresent(VerifyAlertPresentKeyword.groovy:72)
	at com.kms.katalon.core.webui.keyword.builtin.VerifyAlertPresentKeyword.execute(VerifyAlertPresentKeyword.groovy:67)
	at com.kms.katalon.core.keyword.internal.KeywordExecutor.executeKeywordForPlatform(KeywordExecutor.groovy:72)
	at com.kms.katalon.core.webui.keyword.WebUiBuiltInKeywords.verifyAlertPresent(WebUiBuiltInKeywords.groovy:1631)
	at com.kms.katalon.core.webui.keyword.WebUiBuiltInKeywords$verifyAlertPresent$4.call(Unknown Source)
	at L-10.run(L-10:33)
	at com.kms.katalon.core.main.ScriptEngine.run(ScriptEngine.java:194)
	at com.kms.katalon.core.main.ScriptEngine.runScriptAsRawText(ScriptEngine.java:119)
	at com.kms.katalon.core.main.TestCaseExecutor.runScript(TestCaseExecutor.java:337)
	at com.kms.katalon.core.main.TestCaseExecutor.doExecute(TestCaseExecutor.java:328)
	at com.kms.katalon.core.main.TestCaseExecutor.processExecutionPhase(TestCaseExecutor.java:307)
	at com.kms.katalon.core.main.TestCaseExecutor.accessMainPhase(TestCaseExecutor.java:299)
	at com.kms.katalon.core.main.TestCaseExecutor.execute(TestCaseExecutor.java:233)
	at com.kms.katalon.core.main.TestSuiteExecutor.accessTestCaseMainPhase(TestSuiteExecutor.java:169)
	at com.kms.katalon.core.main.TestSuiteExecutor.accessTestSuiteMainPhase(TestSuiteExecutor.java:142)
	at com.kms.katalon.core.main.TestSuiteExecutor.execute(TestSuiteExecutor.java:91)
	at com.kms.katalon.core.main.TestCaseMain.startTestSuite(TestCaseMain.java:157)
	at com.kms.katalon.core.main.TestCaseMain$startTestSuite$0.call(Unknown Source)
	at TempTestSuite1588362788509.run(TempTestSuite1588362788509.groovy:36)
Caused by: com.kms.katalon.core.exception.StepFailedException: Unable to verify alert present
	... 21 more
Caused by: org.openqa.selenium.WebDriverException: Failed to decode response from marionette
Build info: version: '3.141.59', revision: 'e82be7d358', time: '2018-11-14T08:25:53'
System info: host: 'LAPTOP-HT1PRHJP', ip: '192.168.1.160', os.name: 'Windows 10', os.arch: 'amd64', os.version: '10.0', java.version: '1.8.0_181'
Driver info: com.kms.katalon.core.webui.driver.firefox.CGeckoDriver
Capabilities {acceptInsecureCerts: true, browserName: firefox, browserVersion: 75.0, javascriptEnabled: true, moz:accessibilityChecks: false, moz:buildID: 20200403170909, moz:geckodriverVersion: 0.23.0, moz:headless: false, moz:processID: 12004, moz:profile: C:\Users\Cassiz\AppData\Loc..., moz:shutdownTimeout: 60000, moz:useNonSpecCompliantPointerOrigin: false, moz:webdriverClick: true, pageLoadStrategy: normal, platform: WINDOWS, platformName: WINDOWS, platformVersion: 10.0, proxy: Proxy(direct), rotatable: false, setWindowRect: true, strictFileInteractability: false, timeouts: {implicit: 0, pageLoad: 300000, script: 30000}, unhandledPromptBehavior: dismiss and notify}
Session ID: c7e4874d-a8e2-4353-b6cc-9f946f30ef22
	at org.openqa.selenium.remote.http.W3CHttpResponseCodec.createException(W3CHttpResponseCodec.java:187)
	at org.openqa.selenium.remote.http.W3CHttpResponseCodec.decode(W3CHttpResponseCodec.java:122)
	at org.openqa.selenium.remote.http.W3CHttpResponseCodec.decode(W3CHttpResponseCodec.java:49)
	at org.openqa.selenium.remote.HttpCommandExecutor.execute(HttpCommandExecutor.java:158)
	at org.openqa.selenium.remote.service.DriverCommandExecutor.execute(DriverCommandExecutor.java:83)
	at org.openqa.selenium.remote.RemoteWebDriver.execute(RemoteWebDriver.java:552)
	at com.kms.katalon.selenium.driver.CFirefoxDriver.execute(CFirefoxDriver.java:27)
	at org.openqa.selenium.remote.RemoteWebDriver.execute(RemoteWebDriver.java:609)
	at org.openqa.selenium.remote.RemoteWebDriver$RemoteTargetLocator.alert(RemoteWebDriver.java:932)
	at org.openqa.selenium.support.events.EventFiringWebDriver$EventFiringTargetLocator.alert(EventFiringWebDriver.java:735)
	at com.kms.katalon.core.webui.driver.DriverFactory.getAlert(DriverFactory.java:877)
	at com.kms.katalon.core.webui.driver.DriverFactory.waitForAlert(DriverFactory.java:898)
	at com.kms.katalon.core.webui.keyword.builtin.VerifyAlertPresentKeyword$_verifyAlertPresent_closure1.doCall(VerifyAlertPresentKeyword.groovy:74)
	at com.kms.katalon.core.webui.keyword.builtin.VerifyAlertPresentKeyword$_verifyAlertPresent_closure1.call(VerifyAlertPresentKeyword.groovy)
	at com.kms.katalon.core.webui.keyword.internal.WebUIKeywordMain.runKeyword(WebUIKeywordMain.groovy:20)
	... 19 more]]></system-out>
      <system-err><![CDATA[2020-05-01 21:53:13 - [TEST_SUITE][FAILED] - Logowanie: Test Cases/L-10 FAILED.
Reason:
com.kms.katalon.core.exception.StepFailedException: Unable to verify alert present (Root cause: com.kms.katalon.core.exception.StepFailedException: Unable to verify alert present
	at com.kms.katalon.core.webui.keyword.internal.WebUIKeywordMain.stepFailed(WebUIKeywordMain.groovy:64)
	at com.kms.katalon.core.webui.keyword.internal.WebUIKeywordMain.runKeyword(WebUIKeywordMain.groovy:26)
	at com.kms.katalon.core.webui.keyword.builtin.VerifyAlertPresentKeyword.verifyAlertPresent(VerifyAlertPresentKeyword.groovy:72)
	at com.kms.katalon.core.webui.keyword.builtin.VerifyAlertPresentKeyword.execute(VerifyAlertPresentKeyword.groovy:67)
	at com.kms.katalon.core.keyword.internal.KeywordExecutor.executeKeywordForPlatform(KeywordExecutor.groovy:72)
	at com.kms.katalon.core.webui.keyword.WebUiBuiltInKeywords.verifyAlertPresent(WebUiBuiltInKeywords.groovy:1631)
	at com.kms.katalon.core.webui.keyword.WebUiBuiltInKeywords$verifyAlertPresent$4.call(Unknown Source)
	at L-10.run(L-10:33)
	at com.kms.katalon.core.main.ScriptEngine.run(ScriptEngine.java:194)
	at com.kms.katalon.core.main.ScriptEngine.runScriptAsRawText(ScriptEngine.java:119)
	at com.kms.katalon.core.main.TestCaseExecutor.runScript(TestCaseExecutor.java:337)
	at com.kms.katalon.core.main.TestCaseExecutor.doExecute(TestCaseExecutor.java:328)
	at com.kms.katalon.core.main.TestCaseExecutor.processExecutionPhase(TestCaseExecutor.java:307)
	at com.kms.katalon.core.main.TestCaseExecutor.accessMainPhase(TestCaseExecutor.java:299)
	at com.kms.katalon.core.main.TestCaseExecutor.execute(TestCaseExecutor.java:233)
	at com.kms.katalon.core.main.TestSuiteExecutor.accessTestCaseMainPhase(TestSuiteExecutor.java:169)
	at com.kms.katalon.core.main.TestSuiteExecutor.accessTestSuiteMainPhase(TestSuiteExecutor.java:142)
	at com.kms.katalon.core.main.TestSuiteExecutor.execute(TestSuiteExecutor.java:91)
	at com.kms.katalon.core.main.TestCaseMain.startTestSuite(TestCaseMain.java:157)
	at com.kms.katalon.core.main.TestCaseMain$startTestSuite$0.call(Unknown Source)
	at TempTestSuite1588362788509.run(TempTestSuite1588362788509.groovy:36)
Caused by: org.openqa.selenium.WebDriverException: Failed to decode response from marionette
Build info: version: '3.141.59', revision: 'e82be7d358', time: '2018-11-14T08:25:53'
System info: host: 'LAPTOP-HT1PRHJP', ip: '192.168.1.160', os.name: 'Windows 10', os.arch: 'amd64', os.version: '10.0', java.version: '1.8.0_181'
Driver info: com.kms.katalon.core.webui.driver.firefox.CGeckoDriver
Capabilities {acceptInsecureCerts: true, browserName: firefox, browserVersion: 75.0, javascriptEnabled: true, moz:accessibilityChecks: false, moz:buildID: 20200403170909, moz:geckodriverVersion: 0.23.0, moz:headless: false, moz:processID: 12004, moz:profile: C:\Users\Cassiz\AppData\Loc..., moz:shutdownTimeout: 60000, moz:useNonSpecCompliantPointerOrigin: false, moz:webdriverClick: true, pageLoadStrategy: normal, platform: WINDOWS, platformName: WINDOWS, platformVersion: 10.0, proxy: Proxy(direct), rotatable: false, setWindowRect: true, strictFileInteractability: false, timeouts: {implicit: 0, pageLoad: 300000, script: 30000}, unhandledPromptBehavior: dismiss and notify}
Session ID: c7e4874d-a8e2-4353-b6cc-9f946f30ef22
	at org.openqa.selenium.remote.http.W3CHttpResponseCodec.createException(W3CHttpResponseCodec.java:187)
	at org.openqa.selenium.remote.http.W3CHttpResponseCodec.decode(W3CHttpResponseCodec.java:122)
	at org.openqa.selenium.remote.http.W3CHttpResponseCodec.decode(W3CHttpResponseCodec.java:49)
	at org.openqa.selenium.remote.HttpCommandExecutor.execute(HttpCommandExecutor.java:158)
	at org.openqa.selenium.remote.service.DriverCommandExecutor.execute(DriverCommandExecutor.java:83)
	at org.openqa.selenium.remote.RemoteWebDriver.execute(RemoteWebDriver.java:552)
	at com.kms.katalon.selenium.driver.CFirefoxDriver.execute(CFirefoxDriver.java:27)
	at org.openqa.selenium.remote.RemoteWebDriver.execute(RemoteWebDriver.java:609)
	at org.openqa.selenium.remote.RemoteWebDriver$RemoteTargetLocator.alert(RemoteWebDriver.java:932)
	at org.openqa.selenium.support.events.EventFiringWebDriver$EventFiringTargetLocator.alert(EventFiringWebDriver.java:735)
	at com.kms.katalon.core.webui.driver.DriverFactory.getAlert(DriverFactory.java:877)
	at com.kms.katalon.core.webui.driver.DriverFactory.waitForAlert(DriverFactory.java:898)
	at com.kms.katalon.core.webui.keyword.builtin.VerifyAlertPresentKeyword$_verifyAlertPresent_closure1.doCall(VerifyAlertPresentKeyword.groovy:74)
	at com.kms.katalon.core.webui.keyword.builtin.VerifyAlertPresentKeyword$_verifyAlertPresent_closure1.call(VerifyAlertPresentKeyword.groovy)
	at com.kms.katalon.core.webui.keyword.internal.WebUIKeywordMain.runKeyword(WebUIKeywordMain.groovy:20)
	at com.kms.katalon.core.webui.keyword.builtin.VerifyAlertPresentKeyword.verifyAlertPresent(VerifyAlertPresentKeyword.groovy:72)
	at com.kms.katalon.core.webui.keyword.builtin.VerifyAlertPresentKeyword.execute(VerifyAlertPresentKeyword.groovy:67)
	at com.kms.katalon.core.keyword.internal.KeywordExecutor.executeKeywordForPlatform(KeywordExecutor.groovy:72)
	at com.kms.katalon.core.webui.keyword.WebUiBuiltInKeywords.verifyAlertPresent(WebUiBuiltInKeywords.groovy:1631)
	at com.kms.katalon.core.webui.keyword.WebUiBuiltInKeywords$verifyAlertPresent$4.call(Unknown Source)
	at Script1588350220304.run(Script1588350220304.groovy:33)
	... 13 more
)
	at com.kms.katalon.core.keyword.internal.KeywordMain.stepFailed(KeywordMain.groovy:39)
	at com.kms.katalon.core.webui.keyword.internal.WebUIKeywordMain.stepFailed(WebUIKeywordMain.groovy:64)
	at com.kms.katalon.core.webui.keyword.internal.WebUIKeywordMain.runKeyword(WebUIKeywordMain.groovy:26)
	at com.kms.katalon.core.webui.keyword.builtin.VerifyAlertPresentKeyword.verifyAlertPresent(VerifyAlertPresentKeyword.groovy:72)
	at com.kms.katalon.core.webui.keyword.builtin.VerifyAlertPresentKeyword.execute(VerifyAlertPresentKeyword.groovy:67)
	at com.kms.katalon.core.keyword.internal.KeywordExecutor.executeKeywordForPlatform(KeywordExecutor.groovy:72)
	at com.kms.katalon.core.webui.keyword.WebUiBuiltInKeywords.verifyAlertPresent(WebUiBuiltInKeywords.groovy:1631)
	at com.kms.katalon.core.webui.keyword.WebUiBuiltInKeywords$verifyAlertPresent$4.call(Unknown Source)
	at L-10.run(L-10:33)
	at com.kms.katalon.core.main.ScriptEngine.run(ScriptEngine.java:194)
	at com.kms.katalon.core.main.ScriptEngine.runScriptAsRawText(ScriptEngine.java:119)
	at com.kms.katalon.core.main.TestCaseExecutor.runScript(TestCaseExecutor.java:337)
	at com.kms.katalon.core.main.TestCaseExecutor.doExecute(TestCaseExecutor.java:328)
	at com.kms.katalon.core.main.TestCaseExecutor.processExecutionPhase(TestCaseExecutor.java:307)
	at com.kms.katalon.core.main.TestCaseExecutor.accessMainPhase(TestCaseExecutor.java:299)
	at com.kms.katalon.core.main.TestCaseExecutor.execute(TestCaseExecutor.java:233)
	at com.kms.katalon.core.main.TestSuiteExecutor.accessTestCaseMainPhase(TestSuiteExecutor.java:169)
	at com.kms.katalon.core.main.TestSuiteExecutor.accessTestSuiteMainPhase(TestSuiteExecutor.java:142)
	at com.kms.katalon.core.main.TestSuiteExecutor.execute(TestSuiteExecutor.java:91)
	at com.kms.katalon.core.main.TestCaseMain.startTestSuite(TestCaseMain.java:157)
	at com.kms.katalon.core.main.TestCaseMain$startTestSuite$0.call(Unknown Source)
	at TempTestSuite1588362788509.run(TempTestSuite1588362788509.groovy:36)
Caused by: com.kms.katalon.core.exception.StepFailedException: Unable to verify alert present
	... 21 more
Caused by: org.openqa.selenium.WebDriverException: Failed to decode response from marionette
Build info: version: '3.141.59', revision: 'e82be7d358', time: '2018-11-14T08:25:53'
System info: host: 'LAPTOP-HT1PRHJP', ip: '192.168.1.160', os.name: 'Windows 10', os.arch: 'amd64', os.version: '10.0', java.version: '1.8.0_181'
Driver info: com.kms.katalon.core.webui.driver.firefox.CGeckoDriver
Capabilities {acceptInsecureCerts: true, browserName: firefox, browserVersion: 75.0, javascriptEnabled: true, moz:accessibilityChecks: false, moz:buildID: 20200403170909, moz:geckodriverVersion: 0.23.0, moz:headless: false, moz:processID: 12004, moz:profile: C:\Users\Cassiz\AppData\Loc..., moz:shutdownTimeout: 60000, moz:useNonSpecCompliantPointerOrigin: false, moz:webdriverClick: true, pageLoadStrategy: normal, platform: WINDOWS, platformName: WINDOWS, platformVersion: 10.0, proxy: Proxy(direct), rotatable: false, setWindowRect: true, strictFileInteractability: false, timeouts: {implicit: 0, pageLoad: 300000, script: 30000}, unhandledPromptBehavior: dismiss and notify}
Session ID: c7e4874d-a8e2-4353-b6cc-9f946f30ef22
	at org.openqa.selenium.remote.http.W3CHttpResponseCodec.createException(W3CHttpResponseCodec.java:187)
	at org.openqa.selenium.remote.http.W3CHttpResponseCodec.decode(W3CHttpResponseCodec.java:122)
	at org.openqa.selenium.remote.http.W3CHttpResponseCodec.decode(W3CHttpResponseCodec.java:49)
	at org.openqa.selenium.remote.HttpCommandExecutor.execute(HttpCommandExecutor.java:158)
	at org.openqa.selenium.remote.service.DriverCommandExecutor.execute(DriverCommandExecutor.java:83)
	at org.openqa.selenium.remote.RemoteWebDriver.execute(RemoteWebDriver.java:552)
	at com.kms.katalon.selenium.driver.CFirefoxDriver.execute(CFirefoxDriver.java:27)
	at org.openqa.selenium.remote.RemoteWebDriver.execute(RemoteWebDriver.java:609)
	at org.openqa.selenium.remote.RemoteWebDriver$RemoteTargetLocator.alert(RemoteWebDriver.java:932)
	at org.openqa.selenium.support.events.EventFiringWebDriver$EventFiringTargetLocator.alert(EventFiringWebDriver.java:735)
	at com.kms.katalon.core.webui.driver.DriverFactory.getAlert(DriverFactory.java:877)
	at com.kms.katalon.core.webui.driver.DriverFactory.waitForAlert(DriverFactory.java:898)
	at com.kms.katalon.core.webui.keyword.builtin.VerifyAlertPresentKeyword$_verifyAlertPresent_closure1.doCall(VerifyAlertPresentKeyword.groovy:74)
	at com.kms.katalon.core.webui.keyword.builtin.VerifyAlertPresentKeyword$_verifyAlertPresent_closure1.call(VerifyAlertPresentKeyword.groovy)
	at com.kms.katalon.core.webui.keyword.internal.WebUIKeywordMain.runKeyword(WebUIKeywordMain.groovy:20)
	... 19 more]]></system-err>
   </testsuite>
</testsuites>
